2015-12-18 18:00:39,275, INFO task_dao.py:get_sending_msg:370: get_sending_msg size:0
2015-12-18 18:00:39,277, INFO push_maze.py:push_maze:83: __list is empty
2015-12-21 14:04:36,910, INFO task_dao.py:get_sending_msg:370: get_sending_msg size:0
2015-12-21 14:04:36,911, INFO push_maze.py:push_maze:83: __list is empty
2015-12-21 14:04:46,922, INFO task_dao.py:get_sending_msg:370: get_sending_msg size:0
2015-12-21 14:04:47,022, INFO push_maze.py:push_maze:83: __list is empty
2015-12-21 14:04:57,035, INFO task_dao.py:get_sending_msg:370: get_sending_msg size:0
2015-12-21 14:04:57,136, INFO push_maze.py:push_maze:83: __list is empty
2015-12-21 14:05:07,143, INFO task_dao.py:get_sending_msg:370: get_sending_msg size:0
2015-12-21 14:05:07,243, INFO push_maze.py:push_maze:83: __list is empty
2015-12-21 14:05:17,254, INFO task_dao.py:get_sending_msg:370: get_sending_msg size:0
2015-12-21 14:05:17,355, INFO push_maze.py:push_maze:83: __list is empty
2015-12-21 14:05:27,360, INFO task_dao.py:get_sending_msg:370: get_sending_msg size:0
2015-12-21 14:05:27,460, INFO push_maze.py:push_maze:83: __list is empty
2015-12-21 14:05:37,465, INFO task_dao.py:get_sending_msg:370: get_sending_msg size:0
2015-12-21 14:05:37,566, INFO push_maze.py:push_maze:83: __list is empty
2015-12-21 14:05:47,576, INFO task_dao.py:get_sending_msg:370: get_sending_msg size:0
2015-12-21 14:05:47,677, INFO push_maze.py:push_maze:83: __list is empty
2015-12-21 14:05:57,688, INFO task_dao.py:get_sending_msg:370: get_sending_msg size:0
2015-12-21 14:05:57,788, INFO push_maze.py:push_maze:83: __list is empty
2015-12-21 14:06:07,800, INFO task_dao.py:get_sending_msg:370: get_sending_msg size:0
2015-12-21 14:06:07,900, INFO push_maze.py:push_maze:83: __list is empty
2015-12-21 14:06:17,910, INFO task_dao.py:get_sending_msg:370: get_sending_msg size:0
2015-12-21 14:06:18,010, INFO push_maze.py:push_maze:83: __list is empty
2015-12-21 14:06:28,020, INFO task_dao.py:get_sending_msg:370: get_sending_msg size:0
2015-12-21 14:06:28,120, INFO push_maze.py:push_maze:83: __list is empty
2015-12-21 14:06:38,130, INFO task_dao.py:get_sending_msg:370: get_sending_msg size:0
2015-12-21 14:06:38,230, INFO push_maze.py:push_maze:83: __list is empty
2015-12-21 14:06:48,239, INFO task_dao.py:get_sending_msg:370: get_sending_msg size:0
2015-12-21 14:06:48,340, INFO push_maze.py:push_maze:83: __list is empty
2015-12-21 14:06:58,348, INFO task_dao.py:get_sending_msg:370: get_sending_msg size:0
2015-12-21 14:06:58,448, INFO push_maze.py:push_maze:83: __list is empty
2015-12-21 14:08:28,361, INFO task_dao.py:get_sending_msg:370: get_sending_msg size:0
2015-12-21 14:08:28,362, INFO push_maze.py:push_maze:83: __list is empty
2015-12-21 14:08:38,367, INFO task_dao.py:get_sending_msg:370: get_sending_msg size:0
2015-12-21 14:08:38,468, INFO push_maze.py:push_maze:83: __list is empty
2015-12-21 14:08:48,475, INFO task_dao.py:get_sending_msg:370: get_sending_msg size:0
2015-12-21 14:08:48,575, INFO push_maze.py:push_maze:83: __list is empty
2015-12-21 14:08:58,584, INFO task_dao.py:get_sending_msg:370: get_sending_msg size:0
2015-12-21 14:08:58,684, INFO push_maze.py:push_maze:83: __list is empty
2015-12-21 14:09:08,045, INFO http_server.py:download_add:50: download_add: {"origin": "spider", "priority": 2, "uid": "1", "vid": "http://v.youku.com/v_show/id_XNzQ3MTM0Mjk2.html", "title": "\u89c6\u9891:  \u94c1\u8def\u4e0a\u7684\u81f4\u547d\u3002\u3002 ", "channel": "\u751f\u6d3b", "describe": "\u89c6\u9891:  \u94c1\u8def\u4e0a\u7684\u81f4\u547d\u3002\u3002 ", "site": "yk", "tags": "\u89e6\u7535|\u4e8b\u6545|\u4fc4\u7f57\u65af|\u81f4\u547d"}
2015-12-21 14:09:08,046, ERROR http_server.py:download_add:81: download_add error:local variable 'task_id' referenced before assignment
2015-12-21 14:09:08,695, INFO task_dao.py:get_sending_msg:370: get_sending_msg size:0
2015-12-21 14:09:08,796, INFO push_maze.py:push_maze:83: __list is empty
2015-12-21 14:09:18,801, INFO task_dao.py:get_sending_msg:370: get_sending_msg size:0
2015-12-21 14:09:18,902, INFO push_maze.py:push_maze:83: __list is empty
2015-12-21 14:09:28,912, INFO task_dao.py:get_sending_msg:370: get_sending_msg size:0
2015-12-21 14:09:29,012, INFO push_maze.py:push_maze:83: __list is empty
2015-12-21 14:09:39,022, INFO task_dao.py:get_sending_msg:370: get_sending_msg size:0
2015-12-21 14:09:39,123, INFO push_maze.py:push_maze:83: __list is empty
2015-12-21 14:09:49,133, INFO task_dao.py:get_sending_msg:370: get_sending_msg size:0
2015-12-21 14:09:49,234, INFO push_maze.py:push_maze:83: __list is empty
2015-12-21 14:09:59,244, INFO task_dao.py:get_sending_msg:370: get_sending_msg size:0
2015-12-21 14:09:59,344, INFO push_maze.py:push_maze:83: __list is empty
2015-12-21 14:10:09,352, INFO task_dao.py:get_sending_msg:370: get_sending_msg size:0
2015-12-21 14:10:09,452, INFO push_maze.py:push_maze:83: __list is empty
2015-12-21 14:10:19,464, INFO task_dao.py:get_sending_msg:370: get_sending_msg size:0
2015-12-21 14:10:19,565, INFO push_maze.py:push_maze:83: __list is empty
2015-12-21 14:10:29,573, INFO task_dao.py:get_sending_msg:370: get_sending_msg size:0
2015-12-21 14:10:29,674, INFO push_maze.py:push_maze:83: __list is empty
2015-12-21 14:10:39,682, INFO task_dao.py:get_sending_msg:370: get_sending_msg size:0
2015-12-21 14:10:39,782, INFO push_maze.py:push_maze:83: __list is empty
2015-12-21 14:10:49,793, INFO task_dao.py:get_sending_msg:370: get_sending_msg size:0
2015-12-21 14:10:49,893, INFO push_maze.py:push_maze:83: __list is empty
2015-12-21 14:10:59,904, INFO task_dao.py:get_sending_msg:370: get_sending_msg size:0
2015-12-21 14:11:00,004, INFO push_maze.py:push_maze:83: __list is empty
2015-12-21 14:11:10,014, INFO task_dao.py:get_sending_msg:370: get_sending_msg size:0
2015-12-21 14:11:10,115, INFO push_maze.py:push_maze:83: __list is empty
2015-12-21 14:11:20,126, INFO task_dao.py:get_sending_msg:370: get_sending_msg size:0
2015-12-21 14:11:20,227, INFO push_maze.py:push_maze:83: __list is empty
2015-12-21 14:11:30,237, INFO task_dao.py:get_sending_msg:370: get_sending_msg size:0
2015-12-21 14:11:30,338, INFO push_maze.py:push_maze:83: __list is empty
2015-12-21 14:11:40,356, INFO task_dao.py:get_sending_msg:370: get_sending_msg size:0
2015-12-21 14:11:40,456, INFO push_maze.py:push_maze:83: __list is empty
2015-12-21 14:11:50,468, INFO task_dao.py:get_sending_msg:370: get_sending_msg size:0
2015-12-21 14:11:50,569, INFO push_maze.py:push_maze:83: __list is empty
2015-12-21 14:12:00,578, INFO task_dao.py:get_sending_msg:370: get_sending_msg size:0
2015-12-21 14:12:00,679, INFO push_maze.py:push_maze:83: __list is empty
2015-12-21 14:12:10,688, INFO task_dao.py:get_sending_msg:370: get_sending_msg size:0
2015-12-21 14:12:10,789, INFO push_maze.py:push_maze:83: __list is empty
2015-12-21 14:12:20,799, INFO task_dao.py:get_sending_msg:370: get_sending_msg size:0
2015-12-21 14:12:20,900, INFO push_maze.py:push_maze:83: __list is empty
2015-12-21 14:12:30,914, INFO task_dao.py:get_sending_msg:370: get_sending_msg size:0
2015-12-21 14:12:31,014, INFO push_maze.py:push_maze:83: __list is empty
2015-12-21 14:12:41,026, INFO task_dao.py:get_sending_msg:370: get_sending_msg size:0
2015-12-21 14:12:41,127, INFO push_maze.py:push_maze:83: __list is empty
2015-12-21 14:12:51,138, INFO task_dao.py:get_sending_msg:370: get_sending_msg size:0
2015-12-21 14:12:51,238, INFO push_maze.py:push_maze:83: __list is empty
2015-12-21 14:13:01,245, INFO task_dao.py:get_sending_msg:370: get_sending_msg size:0
2015-12-21 14:13:01,346, INFO push_maze.py:push_maze:83: __list is empty
2015-12-21 14:13:11,357, INFO task_dao.py:get_sending_msg:370: get_sending_msg size:0
2015-12-21 14:13:11,458, INFO push_maze.py:push_maze:83: __list is empty
2015-12-21 14:13:21,463, INFO task_dao.py:get_sending_msg:370: get_sending_msg size:0
2015-12-21 14:13:21,564, INFO push_maze.py:push_maze:83: __list is empty
2015-12-21 14:13:31,572, INFO task_dao.py:get_sending_msg:370: get_sending_msg size:0
2015-12-21 14:13:31,672, INFO push_maze.py:push_maze:83: __list is empty
2015-12-21 14:13:41,683, INFO task_dao.py:get_sending_msg:370: get_sending_msg size:0
2015-12-21 14:13:41,784, INFO push_maze.py:push_maze:83: __list is empty
2015-12-21 14:13:51,794, INFO task_dao.py:get_sending_msg:370: get_sending_msg size:0
2015-12-21 14:13:51,895, INFO push_maze.py:push_maze:83: __list is empty
2015-12-21 14:14:01,905, INFO task_dao.py:get_sending_msg:370: get_sending_msg size:0
2015-12-21 14:14:02,006, INFO push_maze.py:push_maze:83: __list is empty
2015-12-21 14:14:12,017, INFO task_dao.py:get_sending_msg:370: get_sending_msg size:0
2015-12-21 14:14:12,117, INFO push_maze.py:push_maze:83: __list is empty
2015-12-21 14:14:22,128, INFO task_dao.py:get_sending_msg:370: get_sending_msg size:0
2015-12-21 14:14:22,228, INFO push_maze.py:push_maze:83: __list is empty
2015-12-21 14:14:32,238, INFO task_dao.py:get_sending_msg:370: get_sending_msg size:0
2015-12-21 14:14:32,338, INFO push_maze.py:push_maze:83: __list is empty
2015-12-21 14:14:42,349, INFO task_dao.py:get_sending_msg:370: get_sending_msg size:0
2015-12-21 14:14:42,450, INFO push_maze.py:push_maze:83: __list is empty
2015-12-21 14:14:52,460, INFO task_dao.py:get_sending_msg:370: get_sending_msg size:0
2015-12-21 14:14:52,560, INFO push_maze.py:push_maze:83: __list is empty
2015-12-21 14:15:02,572, INFO task_dao.py:get_sending_msg:370: get_sending_msg size:0
2015-12-21 14:15:02,673, INFO push_maze.py:push_maze:83: __list is empty
2015-12-21 14:15:12,684, INFO task_dao.py:get_sending_msg:370: get_sending_msg size:0
2015-12-21 14:15:12,784, INFO push_maze.py:push_maze:83: __list is empty
2015-12-21 14:15:22,795, INFO task_dao.py:get_sending_msg:370: get_sending_msg size:0
2015-12-21 14:15:22,896, INFO push_maze.py:push_maze:83: __list is empty
2015-12-21 14:15:32,902, INFO task_dao.py:get_sending_msg:370: get_sending_msg size:0
2015-12-21 14:15:33,002, INFO push_maze.py:push_maze:83: __list is empty
2015-12-21 14:15:43,008, INFO task_dao.py:get_sending_msg:370: get_sending_msg size:0
2015-12-21 14:15:43,109, INFO push_maze.py:push_maze:83: __list is empty
2015-12-21 14:15:53,120, INFO task_dao.py:get_sending_msg:370: get_sending_msg size:0
2015-12-21 14:15:53,221, INFO push_maze.py:push_maze:83: __list is empty
2015-12-21 14:16:03,232, INFO task_dao.py:get_sending_msg:370: get_sending_msg size:0
2015-12-21 14:16:03,332, INFO push_maze.py:push_maze:83: __list is empty
2015-12-21 14:16:13,335, INFO task_dao.py:get_sending_msg:370: get_sending_msg size:0
2015-12-21 14:16:13,436, INFO push_maze.py:push_maze:83: __list is empty
2015-12-21 14:16:23,446, INFO task_dao.py:get_sending_msg:370: get_sending_msg size:0
2015-12-21 14:16:23,547, INFO push_maze.py:push_maze:83: __list is empty
2015-12-21 14:16:33,558, INFO task_dao.py:get_sending_msg:370: get_sending_msg size:0
2015-12-21 14:16:33,659, INFO push_maze.py:push_maze:83: __list is empty
2015-12-21 14:16:43,668, INFO task_dao.py:get_sending_msg:370: get_sending_msg size:0
2015-12-21 14:16:43,769, INFO push_maze.py:push_maze:83: __list is empty
2015-12-21 14:16:53,779, INFO task_dao.py:get_sending_msg:370: get_sending_msg size:0
2015-12-21 14:16:53,879, INFO push_maze.py:push_maze:83: __list is empty
2015-12-21 14:17:03,891, INFO task_dao.py:get_sending_msg:370: get_sending_msg size:0
2015-12-21 14:17:03,991, INFO push_maze.py:push_maze:83: __list is empty
2015-12-21 14:17:13,998, INFO task_dao.py:get_sending_msg:370: get_sending_msg size:0
2015-12-21 14:17:14,099, INFO push_maze.py:push_maze:83: __list is empty
2015-12-21 14:17:24,105, INFO task_dao.py:get_sending_msg:370: get_sending_msg size:0
2015-12-21 14:17:24,206, INFO push_maze.py:push_maze:83: __list is empty
2015-12-21 14:17:34,217, INFO task_dao.py:get_sending_msg:370: get_sending_msg size:0
2015-12-21 14:17:34,318, INFO push_maze.py:push_maze:83: __list is empty
2015-12-21 14:17:44,329, INFO task_dao.py:get_sending_msg:370: get_sending_msg size:0
2015-12-21 14:17:44,430, INFO push_maze.py:push_maze:83: __list is empty
2015-12-21 14:17:54,441, INFO task_dao.py:get_sending_msg:370: get_sending_msg size:0
2015-12-21 14:17:54,541, INFO push_maze.py:push_maze:83: __list is empty
2015-12-21 14:18:04,553, INFO task_dao.py:get_sending_msg:370: get_sending_msg size:0
2015-12-21 14:18:04,653, INFO push_maze.py:push_maze:83: __list is empty
2015-12-21 14:18:14,663, INFO task_dao.py:get_sending_msg:370: get_sending_msg size:0
2015-12-21 14:18:14,763, INFO push_maze.py:push_maze:83: __list is empty
2015-12-21 14:18:24,775, INFO task_dao.py:get_sending_msg:370: get_sending_msg size:0
2015-12-21 14:18:24,875, INFO push_maze.py:push_maze:83: __list is empty
2015-12-21 14:18:34,886, INFO task_dao.py:get_sending_msg:370: get_sending_msg size:0
2015-12-21 14:18:34,986, INFO push_maze.py:push_maze:83: __list is empty
2015-12-21 14:18:44,995, INFO task_dao.py:get_sending_msg:370: get_sending_msg size:0
2015-12-21 14:18:45,096, INFO push_maze.py:push_maze:83: __list is empty
2015-12-21 14:18:55,103, INFO task_dao.py:get_sending_msg:370: get_sending_msg size:0
2015-12-21 14:18:55,203, INFO push_maze.py:push_maze:83: __list is empty
2015-12-21 14:19:05,213, INFO task_dao.py:get_sending_msg:370: get_sending_msg size:0
2015-12-21 14:19:05,313, INFO push_maze.py:push_maze:83: __list is empty
2015-12-21 14:19:15,323, INFO task_dao.py:get_sending_msg:370: get_sending_msg size:0
2015-12-21 14:19:15,423, INFO push_maze.py:push_maze:83: __list is empty
2015-12-21 14:19:25,435, INFO task_dao.py:get_sending_msg:370: get_sending_msg size:0
2015-12-21 14:19:25,535, INFO push_maze.py:push_maze:83: __list is empty
2015-12-21 14:19:35,544, INFO task_dao.py:get_sending_msg:370: get_sending_msg size:0
2015-12-21 14:19:35,644, INFO push_maze.py:push_maze:83: __list is empty
2015-12-21 14:19:45,655, INFO task_dao.py:get_sending_msg:370: get_sending_msg size:0
2015-12-21 14:19:45,755, INFO push_maze.py:push_maze:83: __list is empty
2015-12-21 14:19:55,767, INFO task_dao.py:get_sending_msg:370: get_sending_msg size:0
2015-12-21 14:19:55,867, INFO push_maze.py:push_maze:83: __list is empty
2015-12-21 14:20:05,878, INFO task_dao.py:get_sending_msg:370: get_sending_msg size:0
2015-12-21 14:20:05,978, INFO push_maze.py:push_maze:83: __list is empty
2015-12-21 14:20:15,991, INFO task_dao.py:get_sending_msg:370: get_sending_msg size:0
2015-12-21 14:20:16,091, INFO push_maze.py:push_maze:83: __list is empty
2015-12-21 14:20:26,102, INFO task_dao.py:get_sending_msg:370: get_sending_msg size:0
2015-12-21 14:20:26,203, INFO push_maze.py:push_maze:83: __list is empty
2015-12-21 14:20:36,212, INFO task_dao.py:get_sending_msg:370: get_sending_msg size:0
2015-12-21 14:20:36,312, INFO push_maze.py:push_maze:83: __list is empty
2015-12-21 14:20:46,323, INFO task_dao.py:get_sending_msg:370: get_sending_msg size:0
2015-12-21 14:20:46,423, INFO push_maze.py:push_maze:83: __list is empty
2015-12-21 14:20:56,434, INFO task_dao.py:get_sending_msg:370: get_sending_msg size:0
2015-12-21 14:20:56,535, INFO push_maze.py:push_maze:83: __list is empty
2015-12-21 14:21:06,546, INFO task_dao.py:get_sending_msg:370: get_sending_msg size:0
2015-12-21 14:21:06,647, INFO push_maze.py:push_maze:83: __list is empty
2015-12-21 14:21:16,658, INFO task_dao.py:get_sending_msg:370: get_sending_msg size:0
2015-12-21 14:21:16,758, INFO push_maze.py:push_maze:83: __list is empty
2015-12-21 14:21:26,770, INFO task_dao.py:get_sending_msg:370: get_sending_msg size:0
2015-12-21 14:21:26,870, INFO push_maze.py:push_maze:83: __list is empty
2015-12-21 14:21:36,880, INFO task_dao.py:get_sending_msg:370: get_sending_msg size:0
2015-12-21 14:21:36,980, INFO push_maze.py:push_maze:83: __list is empty
2015-12-21 14:21:46,986, INFO task_dao.py:get_sending_msg:370: get_sending_msg size:0
2015-12-21 14:21:47,087, INFO push_maze.py:push_maze:83: __list is empty
2015-12-21 14:21:57,096, INFO task_dao.py:get_sending_msg:370: get_sending_msg size:0
2015-12-21 14:21:57,197, INFO push_maze.py:push_maze:83: __list is empty
2015-12-21 14:22:07,205, INFO task_dao.py:get_sending_msg:370: get_sending_msg size:0
2015-12-21 14:22:07,306, INFO push_maze.py:push_maze:83: __list is empty
2015-12-21 14:22:17,317, INFO task_dao.py:get_sending_msg:370: get_sending_msg size:0
2015-12-21 14:22:17,417, INFO push_maze.py:push_maze:83: __list is empty
2015-12-21 14:22:27,426, INFO task_dao.py:get_sending_msg:370: get_sending_msg size:0
2015-12-21 14:22:27,527, INFO push_maze.py:push_maze:83: __list is empty
2015-12-21 14:22:37,538, INFO task_dao.py:get_sending_msg:370: get_sending_msg size:0
2015-12-21 14:22:37,638, INFO push_maze.py:push_maze:83: __list is empty
2015-12-21 14:22:47,649, INFO task_dao.py:get_sending_msg:370: get_sending_msg size:0
2015-12-21 14:22:47,750, INFO push_maze.py:push_maze:83: __list is empty
2015-12-21 14:22:57,757, INFO task_dao.py:get_sending_msg:370: get_sending_msg size:0
2015-12-21 14:22:57,858, INFO push_maze.py:push_maze:83: __list is empty
2015-12-21 14:23:07,869, INFO task_dao.py:get_sending_msg:370: get_sending_msg size:0
2015-12-21 14:23:07,969, INFO push_maze.py:push_maze:83: __list is empty
2015-12-21 14:23:17,989, INFO task_dao.py:get_sending_msg:370: get_sending_msg size:0
2015-12-21 14:23:18,090, INFO push_maze.py:push_maze:83: __list is empty
2015-12-21 14:23:28,106, INFO task_dao.py:get_sending_msg:370: get_sending_msg size:0
2015-12-21 14:23:28,207, INFO push_maze.py:push_maze:83: __list is empty
2015-12-21 14:23:38,222, INFO task_dao.py:get_sending_msg:370: get_sending_msg size:0
2015-12-21 14:23:38,323, INFO push_maze.py:push_maze:83: __list is empty
2015-12-21 14:23:48,330, INFO task_dao.py:get_sending_msg:370: get_sending_msg size:0
2015-12-21 14:23:48,431, INFO push_maze.py:push_maze:83: __list is empty
2015-12-21 14:23:58,442, INFO task_dao.py:get_sending_msg:370: get_sending_msg size:0
2015-12-21 14:23:58,542, INFO push_maze.py:push_maze:83: __list is empty
2015-12-21 14:24:08,554, INFO task_dao.py:get_sending_msg:370: get_sending_msg size:0
2015-12-21 14:24:08,655, INFO push_maze.py:push_maze:83: __list is empty
2015-12-21 14:24:18,667, INFO task_dao.py:get_sending_msg:370: get_sending_msg size:0
2015-12-21 14:24:18,768, INFO push_maze.py:push_maze:83: __list is empty
2015-12-21 14:24:28,779, INFO task_dao.py:get_sending_msg:370: get_sending_msg size:0
2015-12-21 14:24:28,879, INFO push_maze.py:push_maze:83: __list is empty
2015-12-21 14:24:38,890, INFO task_dao.py:get_sending_msg:370: get_sending_msg size:0
2015-12-21 14:24:38,991, INFO push_maze.py:push_maze:83: __list is empty
2015-12-21 14:24:49,002, INFO task_dao.py:get_sending_msg:370: get_sending_msg size:0
2015-12-21 14:24:49,102, INFO push_maze.py:push_maze:83: __list is empty
2015-12-21 14:24:59,114, INFO task_dao.py:get_sending_msg:370: get_sending_msg size:0
2015-12-21 14:24:59,214, INFO push_maze.py:push_maze:83: __list is empty
2015-12-21 14:25:09,225, INFO task_dao.py:get_sending_msg:370: get_sending_msg size:0
2015-12-21 14:25:09,325, INFO push_maze.py:push_maze:83: __list is empty
2015-12-21 14:25:19,335, INFO task_dao.py:get_sending_msg:370: get_sending_msg size:0
2015-12-21 14:25:19,435, INFO push_maze.py:push_maze:83: __list is empty
2015-12-21 14:25:29,446, INFO task_dao.py:get_sending_msg:370: get_sending_msg size:0
2015-12-21 14:25:29,547, INFO push_maze.py:push_maze:83: __list is empty
2015-12-21 14:25:39,558, INFO task_dao.py:get_sending_msg:370: get_sending_msg size:0
2015-12-21 14:25:39,659, INFO push_maze.py:push_maze:83: __list is empty
2015-12-21 14:25:49,669, INFO task_dao.py:get_sending_msg:370: get_sending_msg size:0
2015-12-21 14:25:49,770, INFO push_maze.py:push_maze:83: __list is empty
2015-12-21 14:25:59,779, INFO task_dao.py:get_sending_msg:370: get_sending_msg size:0
2015-12-21 14:25:59,879, INFO push_maze.py:push_maze:83: __list is empty
2015-12-21 14:26:09,891, INFO task_dao.py:get_sending_msg:370: get_sending_msg size:0
2015-12-21 14:26:09,991, INFO push_maze.py:push_maze:83: __list is empty
2015-12-21 14:26:20,002, INFO task_dao.py:get_sending_msg:370: get_sending_msg size:0
2015-12-21 14:26:20,103, INFO push_maze.py:push_maze:83: __list is empty
2015-12-21 14:26:30,112, INFO task_dao.py:get_sending_msg:370: get_sending_msg size:0
2015-12-21 14:26:30,213, INFO push_maze.py:push_maze:83: __list is empty
2015-12-21 14:26:40,223, INFO task_dao.py:get_sending_msg:370: get_sending_msg size:0
2015-12-21 14:26:40,323, INFO push_maze.py:push_maze:83: __list is empty
2015-12-21 14:26:50,330, INFO task_dao.py:get_sending_msg:370: get_sending_msg size:0
2015-12-21 14:26:50,430, INFO push_maze.py:push_maze:83: __list is empty
2015-12-21 14:27:00,434, INFO task_dao.py:get_sending_msg:370: get_sending_msg size:0
2015-12-21 14:27:00,535, INFO push_maze.py:push_maze:83: __list is empty
2015-12-21 14:27:10,545, INFO task_dao.py:get_sending_msg:370: get_sending_msg size:0
2015-12-21 14:27:10,645, INFO push_maze.py:push_maze:83: __list is empty
2015-12-21 14:27:20,652, INFO task_dao.py:get_sending_msg:370: get_sending_msg size:0
2015-12-21 14:27:20,752, INFO push_maze.py:push_maze:83: __list is empty
2015-12-21 14:27:30,762, INFO task_dao.py:get_sending_msg:370: get_sending_msg size:0
2015-12-21 14:27:30,863, INFO push_maze.py:push_maze:83: __list is empty
2015-12-21 14:27:40,874, INFO task_dao.py:get_sending_msg:370: get_sending_msg size:0
2015-12-21 14:27:40,974, INFO push_maze.py:push_maze:83: __list is empty
2015-12-21 14:27:50,984, INFO task_dao.py:get_sending_msg:370: get_sending_msg size:0
2015-12-21 14:27:51,084, INFO push_maze.py:push_maze:83: __list is empty
2015-12-21 14:28:01,096, INFO task_dao.py:get_sending_msg:370: get_sending_msg size:0
2015-12-21 14:28:01,196, INFO push_maze.py:push_maze:83: __list is empty
2015-12-21 14:28:11,208, INFO task_dao.py:get_sending_msg:370: get_sending_msg size:0
2015-12-21 14:28:11,308, INFO push_maze.py:push_maze:83: __list is empty
2015-12-21 14:28:21,319, INFO task_dao.py:get_sending_msg:370: get_sending_msg size:0
2015-12-21 14:28:21,420, INFO push_maze.py:push_maze:83: __list is empty
2015-12-21 14:28:31,428, INFO task_dao.py:get_sending_msg:370: get_sending_msg size:0
2015-12-21 14:28:31,528, INFO push_maze.py:push_maze:83: __list is empty
2015-12-21 14:28:41,538, INFO task_dao.py:get_sending_msg:370: get_sending_msg size:0
2015-12-21 14:28:41,639, INFO push_maze.py:push_maze:83: __list is empty
2015-12-21 14:28:51,650, INFO task_dao.py:get_sending_msg:370: get_sending_msg size:0
2015-12-21 14:28:51,750, INFO push_maze.py:push_maze:83: __list is empty
2015-12-21 14:29:01,769, INFO task_dao.py:get_sending_msg:370: get_sending_msg size:0
2015-12-21 14:29:01,869, INFO push_maze.py:push_maze:83: __list is empty
2015-12-21 14:29:11,880, INFO task_dao.py:get_sending_msg:370: get_sending_msg size:0
2015-12-21 14:29:11,981, INFO push_maze.py:push_maze:83: __list is empty
2015-12-21 14:29:21,991, INFO task_dao.py:get_sending_msg:370: get_sending_msg size:0
2015-12-21 14:29:22,092, INFO push_maze.py:push_maze:83: __list is empty
2015-12-21 14:29:32,103, INFO task_dao.py:get_sending_msg:370: get_sending_msg size:0
2015-12-21 14:29:32,203, INFO push_maze.py:push_maze:83: __list is empty
2015-12-21 14:29:42,214, INFO task_dao.py:get_sending_msg:370: get_sending_msg size:0
2015-12-21 14:29:42,314, INFO push_maze.py:push_maze:83: __list is empty
2015-12-21 14:29:52,326, INFO task_dao.py:get_sending_msg:370: get_sending_msg size:0
2015-12-21 14:29:52,426, INFO push_maze.py:push_maze:83: __list is empty
2015-12-21 14:30:02,436, INFO task_dao.py:get_sending_msg:370: get_sending_msg size:0
2015-12-21 14:30:02,536, INFO push_maze.py:push_maze:83: __list is empty
2015-12-21 14:30:12,548, INFO task_dao.py:get_sending_msg:370: get_sending_msg size:0
2015-12-21 14:30:12,648, INFO push_maze.py:push_maze:83: __list is empty
2015-12-21 14:30:22,659, INFO task_dao.py:get_sending_msg:370: get_sending_msg size:0
2015-12-21 14:30:22,760, INFO push_maze.py:push_maze:83: __list is empty
2015-12-21 14:30:32,771, INFO task_dao.py:get_sending_msg:370: get_sending_msg size:0
2015-12-21 14:30:32,872, INFO push_maze.py:push_maze:83: __list is empty
2015-12-21 14:30:42,883, INFO task_dao.py:get_sending_msg:370: get_sending_msg size:0
2015-12-21 14:30:42,983, INFO push_maze.py:push_maze:83: __list is empty
2015-12-21 14:30:52,993, INFO task_dao.py:get_sending_msg:370: get_sending_msg size:0
2015-12-21 14:30:53,093, INFO push_maze.py:push_maze:83: __list is empty
2015-12-21 14:31:03,105, INFO task_dao.py:get_sending_msg:370: get_sending_msg size:0
2015-12-21 14:31:03,205, INFO push_maze.py:push_maze:83: __list is empty
2015-12-21 14:31:13,215, INFO task_dao.py:get_sending_msg:370: get_sending_msg size:0
2015-12-21 14:31:13,316, INFO push_maze.py:push_maze:83: __list is empty
2015-12-21 14:31:23,326, INFO task_dao.py:get_sending_msg:370: get_sending_msg size:0
2015-12-21 14:31:23,427, INFO push_maze.py:push_maze:83: __list is empty
2015-12-21 14:31:33,435, INFO task_dao.py:get_sending_msg:370: get_sending_msg size:0
2015-12-21 14:31:33,535, INFO push_maze.py:push_maze:83: __list is empty
2015-12-21 14:31:43,546, INFO task_dao.py:get_sending_msg:370: get_sending_msg size:0
2015-12-21 14:31:43,646, INFO push_maze.py:push_maze:83: __list is empty
2015-12-21 14:31:53,657, INFO task_dao.py:get_sending_msg:370: get_sending_msg size:0
2015-12-21 14:31:53,757, INFO push_maze.py:push_maze:83: __list is empty
2015-12-21 14:32:03,765, INFO task_dao.py:get_sending_msg:370: get_sending_msg size:0
2015-12-21 14:32:03,866, INFO push_maze.py:push_maze:83: __list is empty
2015-12-21 14:32:13,875, INFO task_dao.py:get_sending_msg:370: get_sending_msg size:0
2015-12-21 14:32:13,975, INFO push_maze.py:push_maze:83: __list is empty
2015-12-21 14:32:23,984, INFO task_dao.py:get_sending_msg:370: get_sending_msg size:0
2015-12-21 14:32:24,085, INFO push_maze.py:push_maze:83: __list is empty
2015-12-21 14:32:34,096, INFO task_dao.py:get_sending_msg:370: get_sending_msg size:0
2015-12-21 14:32:34,197, INFO push_maze.py:push_maze:83: __list is empty
2015-12-21 14:32:44,208, INFO task_dao.py:get_sending_msg:370: get_sending_msg size:0
2015-12-21 14:32:44,308, INFO push_maze.py:push_maze:83: __list is empty
2015-12-21 14:32:54,320, INFO task_dao.py:get_sending_msg:370: get_sending_msg size:0
2015-12-21 14:32:54,420, INFO push_maze.py:push_maze:83: __list is empty
2015-12-21 14:33:04,428, INFO task_dao.py:get_sending_msg:370: get_sending_msg size:0
2015-12-21 14:33:04,529, INFO push_maze.py:push_maze:83: __list is empty
2015-12-21 14:33:14,540, INFO task_dao.py:get_sending_msg:370: get_sending_msg size:0
2015-12-21 14:33:14,640, INFO push_maze.py:push_maze:83: __list is empty
2015-12-21 14:33:24,649, INFO task_dao.py:get_sending_msg:370: get_sending_msg size:0
2015-12-21 14:33:24,750, INFO push_maze.py:push_maze:83: __list is empty
2015-12-21 14:33:34,761, INFO task_dao.py:get_sending_msg:370: get_sending_msg size:0
2015-12-21 14:33:34,862, INFO push_maze.py:push_maze:83: __list is empty
2015-12-21 14:33:44,874, INFO task_dao.py:get_sending_msg:370: get_sending_msg size:0
2015-12-21 14:33:44,974, INFO push_maze.py:push_maze:83: __list is empty
2015-12-21 14:33:54,984, INFO task_dao.py:get_sending_msg:370: get_sending_msg size:0
2015-12-21 14:33:55,084, INFO push_maze.py:push_maze:83: __list is empty
2015-12-21 14:34:05,091, INFO task_dao.py:get_sending_msg:370: get_sending_msg size:0
2015-12-21 14:34:05,192, INFO push_maze.py:push_maze:83: __list is empty
2015-12-21 14:34:15,234, INFO task_dao.py:get_sending_msg:370: get_sending_msg size:0
2015-12-21 14:34:15,334, INFO push_maze.py:push_maze:83: __list is empty
2015-12-21 14:34:25,346, INFO task_dao.py:get_sending_msg:370: get_sending_msg size:0
2015-12-21 14:34:25,446, INFO push_maze.py:push_maze:83: __list is empty
2015-12-21 14:34:35,457, INFO task_dao.py:get_sending_msg:370: get_sending_msg size:0
2015-12-21 14:34:35,557, INFO push_maze.py:push_maze:83: __list is empty
2015-12-21 14:34:45,568, INFO task_dao.py:get_sending_msg:370: get_sending_msg size:0
2015-12-21 14:34:45,669, INFO push_maze.py:push_maze:83: __list is empty
2015-12-21 14:34:55,680, INFO task_dao.py:get_sending_msg:370: get_sending_msg size:0
2015-12-21 14:34:55,780, INFO push_maze.py:push_maze:83: __list is empty
2015-12-21 14:35:05,791, INFO task_dao.py:get_sending_msg:370: get_sending_msg size:0
2015-12-21 14:35:05,891, INFO push_maze.py:push_maze:83: __list is empty
2015-12-21 14:35:15,899, INFO task_dao.py:get_sending_msg:370: get_sending_msg size:0
2015-12-21 14:35:15,999, INFO push_maze.py:push_maze:83: __list is empty
2015-12-21 14:35:26,008, INFO task_dao.py:get_sending_msg:370: get_sending_msg size:0
2015-12-21 14:35:26,108, INFO push_maze.py:push_maze:83: __list is empty
2015-12-21 14:35:36,119, INFO task_dao.py:get_sending_msg:370: get_sending_msg size:0
2015-12-21 14:35:36,220, INFO push_maze.py:push_maze:83: __list is empty
2015-12-21 14:35:46,231, INFO task_dao.py:get_sending_msg:370: get_sending_msg size:0
2015-12-21 14:35:46,331, INFO push_maze.py:push_maze:83: __list is empty
2015-12-21 14:35:56,343, INFO task_dao.py:get_sending_msg:370: get_sending_msg size:0
2015-12-21 14:35:56,443, INFO push_maze.py:push_maze:83: __list is empty
2015-12-21 14:36:06,455, INFO task_dao.py:get_sending_msg:370: get_sending_msg size:0
2015-12-21 14:36:06,555, INFO push_maze.py:push_maze:83: __list is empty
2015-12-21 14:36:16,567, INFO task_dao.py:get_sending_msg:370: get_sending_msg size:0
2015-12-21 14:36:16,667, INFO push_maze.py:push_maze:83: __list is empty
2015-12-21 14:36:26,675, INFO task_dao.py:get_sending_msg:370: get_sending_msg size:0
2015-12-21 14:36:26,776, INFO push_maze.py:push_maze:83: __list is empty
2015-12-21 14:36:36,785, INFO task_dao.py:get_sending_msg:370: get_sending_msg size:0
2015-12-21 14:36:36,885, INFO push_maze.py:push_maze:83: __list is empty
2015-12-21 14:36:46,895, INFO task_dao.py:get_sending_msg:370: get_sending_msg size:0
2015-12-21 14:36:46,995, INFO push_maze.py:push_maze:83: __list is empty
2015-12-21 14:36:57,005, INFO task_dao.py:get_sending_msg:370: get_sending_msg size:0
2015-12-21 14:36:57,105, INFO push_maze.py:push_maze:83: __list is empty
2015-12-21 14:37:07,116, INFO task_dao.py:get_sending_msg:370: get_sending_msg size:0
2015-12-21 14:37:07,217, INFO push_maze.py:push_maze:83: __list is empty
2015-12-21 14:37:17,227, INFO task_dao.py:get_sending_msg:370: get_sending_msg size:0
2015-12-21 14:37:17,327, INFO push_maze.py:push_maze:83: __list is empty
2015-12-21 14:37:27,339, INFO task_dao.py:get_sending_msg:370: get_sending_msg size:0
2015-12-21 14:37:27,440, INFO push_maze.py:push_maze:83: __list is empty
2015-12-21 14:37:37,451, INFO task_dao.py:get_sending_msg:370: get_sending_msg size:0
2015-12-21 14:37:37,551, INFO push_maze.py:push_maze:83: __list is empty
2015-12-21 14:37:47,560, INFO task_dao.py:get_sending_msg:370: get_sending_msg size:0
2015-12-21 14:37:47,661, INFO push_maze.py:push_maze:83: __list is empty
2015-12-21 14:37:57,672, INFO task_dao.py:get_sending_msg:370: get_sending_msg size:0
2015-12-21 14:37:57,773, INFO push_maze.py:push_maze:83: __list is empty
2015-12-21 14:38:07,778, INFO task_dao.py:get_sending_msg:370: get_sending_msg size:0
2015-12-21 14:38:07,878, INFO push_maze.py:push_maze:83: __list is empty
2015-12-21 14:38:17,888, INFO task_dao.py:get_sending_msg:370: get_sending_msg size:0
2015-12-21 14:38:17,989, INFO push_maze.py:push_maze:83: __list is empty
2015-12-21 14:38:28,000, INFO task_dao.py:get_sending_msg:370: get_sending_msg size:0
2015-12-21 14:38:28,101, INFO push_maze.py:push_maze:83: __list is empty
2015-12-21 14:38:38,107, INFO task_dao.py:get_sending_msg:370: get_sending_msg size:0
2015-12-21 14:38:38,207, INFO push_maze.py:push_maze:83: __list is empty
2015-12-21 14:38:48,215, INFO task_dao.py:get_sending_msg:370: get_sending_msg size:0
2015-12-21 14:38:48,316, INFO push_maze.py:push_maze:83: __list is empty
2015-12-21 14:38:58,325, INFO task_dao.py:get_sending_msg:370: get_sending_msg size:0
2015-12-21 14:38:58,425, INFO push_maze.py:push_maze:83: __list is empty
2015-12-21 14:39:08,437, INFO task_dao.py:get_sending_msg:370: get_sending_msg size:0
2015-12-21 14:39:08,537, INFO push_maze.py:push_maze:83: __list is empty
2015-12-21 14:39:18,546, INFO task_dao.py:get_sending_msg:370: get_sending_msg size:0
2015-12-21 14:39:18,646, INFO push_maze.py:push_maze:83: __list is empty
2015-12-21 14:39:28,656, INFO task_dao.py:get_sending_msg:370: get_sending_msg size:0
2015-12-21 14:39:28,756, INFO push_maze.py:push_maze:83: __list is empty
2015-12-21 14:39:38,765, INFO task_dao.py:get_sending_msg:370: get_sending_msg size:0
2015-12-21 14:39:38,865, INFO push_maze.py:push_maze:83: __list is empty
2015-12-21 14:39:48,875, INFO task_dao.py:get_sending_msg:370: get_sending_msg size:0
2015-12-21 14:39:48,976, INFO push_maze.py:push_maze:83: __list is empty
2015-12-21 14:39:58,987, INFO task_dao.py:get_sending_msg:370: get_sending_msg size:0
2015-12-21 14:39:59,087, INFO push_maze.py:push_maze:83: __list is empty
2015-12-21 14:40:09,097, INFO task_dao.py:get_sending_msg:370: get_sending_msg size:0
2015-12-21 14:40:09,197, INFO push_maze.py:push_maze:83: __list is empty
2015-12-21 14:40:19,201, INFO task_dao.py:get_sending_msg:370: get_sending_msg size:0
2015-12-21 14:40:19,302, INFO push_maze.py:push_maze:83: __list is empty
2015-12-21 14:40:29,312, INFO task_dao.py:get_sending_msg:370: get_sending_msg size:0
2015-12-21 14:40:29,412, INFO push_maze.py:push_maze:83: __list is empty
2015-12-21 14:40:39,423, INFO task_dao.py:get_sending_msg:370: get_sending_msg size:0
2015-12-21 14:40:39,524, INFO push_maze.py:push_maze:83: __list is empty
2015-12-21 14:40:49,535, INFO task_dao.py:get_sending_msg:370: get_sending_msg size:0
2015-12-21 14:40:49,635, INFO push_maze.py:push_maze:83: __list is empty
2015-12-21 14:40:59,646, INFO task_dao.py:get_sending_msg:370: get_sending_msg size:0
2015-12-21 14:40:59,746, INFO push_maze.py:push_maze:83: __list is empty
2015-12-21 14:41:09,758, INFO task_dao.py:get_sending_msg:370: get_sending_msg size:0
2015-12-21 14:41:09,858, INFO push_maze.py:push_maze:83: __list is empty
2015-12-21 14:41:19,870, INFO task_dao.py:get_sending_msg:370: get_sending_msg size:0
2015-12-21 14:41:19,970, INFO push_maze.py:push_maze:83: __list is empty
2015-12-21 14:41:29,978, INFO task_dao.py:get_sending_msg:370: get_sending_msg size:0
2015-12-21 14:41:30,079, INFO push_maze.py:push_maze:83: __list is empty
2015-12-21 14:41:40,087, INFO task_dao.py:get_sending_msg:370: get_sending_msg size:0
2015-12-21 14:41:40,187, INFO push_maze.py:push_maze:83: __list is empty
2015-12-21 14:41:50,199, INFO task_dao.py:get_sending_msg:370: get_sending_msg size:0
2015-12-21 14:41:50,299, INFO push_maze.py:push_maze:83: __list is empty
2015-12-21 14:42:00,310, INFO task_dao.py:get_sending_msg:370: get_sending_msg size:0
2015-12-21 14:42:00,411, INFO push_maze.py:push_maze:83: __list is empty
2015-12-21 14:42:10,420, INFO task_dao.py:get_sending_msg:370: get_sending_msg size:0
2015-12-21 14:42:10,521, INFO push_maze.py:push_maze:83: __list is empty
2015-12-21 14:42:20,531, INFO task_dao.py:get_sending_msg:370: get_sending_msg size:0
2015-12-21 14:42:20,631, INFO push_maze.py:push_maze:83: __list is empty
2015-12-21 14:42:30,638, INFO task_dao.py:get_sending_msg:370: get_sending_msg size:0
2015-12-21 14:42:30,738, INFO push_maze.py:push_maze:83: __list is empty
2015-12-21 14:42:40,744, INFO task_dao.py:get_sending_msg:370: get_sending_msg size:0
2015-12-21 14:42:40,844, INFO push_maze.py:push_maze:83: __list is empty
2015-12-21 14:42:50,856, INFO task_dao.py:get_sending_msg:370: get_sending_msg size:0
2015-12-21 14:42:50,956, INFO push_maze.py:push_maze:83: __list is empty
2015-12-21 14:43:00,968, INFO task_dao.py:get_sending_msg:370: get_sending_msg size:0
2015-12-21 14:43:01,068, INFO push_maze.py:push_maze:83: __list is empty
2015-12-21 14:43:11,079, INFO task_dao.py:get_sending_msg:370: get_sending_msg size:0
2015-12-21 14:43:11,179, INFO push_maze.py:push_maze:83: __list is empty
2015-12-21 14:43:21,186, INFO task_dao.py:get_sending_msg:370: get_sending_msg size:0
2015-12-21 14:43:21,287, INFO push_maze.py:push_maze:83: __list is empty
2015-12-21 14:43:31,295, INFO task_dao.py:get_sending_msg:370: get_sending_msg size:0
2015-12-21 14:43:31,396, INFO push_maze.py:push_maze:83: __list is empty
2015-12-21 14:43:41,406, INFO task_dao.py:get_sending_msg:370: get_sending_msg size:0
2015-12-21 14:43:41,506, INFO push_maze.py:push_maze:83: __list is empty
2015-12-21 14:43:51,514, INFO task_dao.py:get_sending_msg:370: get_sending_msg size:0
2015-12-21 14:43:51,615, INFO push_maze.py:push_maze:83: __list is empty
2015-12-21 14:44:01,626, INFO task_dao.py:get_sending_msg:370: get_sending_msg size:0
2015-12-21 14:44:01,727, INFO push_maze.py:push_maze:83: __list is empty
2015-12-21 14:44:11,737, INFO task_dao.py:get_sending_msg:370: get_sending_msg size:0
2015-12-21 14:44:11,838, INFO push_maze.py:push_maze:83: __list is empty
2015-12-21 14:44:21,846, INFO task_dao.py:get_sending_msg:370: get_sending_msg size:0
2015-12-21 14:44:21,946, INFO push_maze.py:push_maze:83: __list is empty
2015-12-21 14:44:31,961, INFO task_dao.py:get_sending_msg:370: get_sending_msg size:0
2015-12-21 14:44:32,061, INFO push_maze.py:push_maze:83: __list is empty
2015-12-21 14:44:42,073, INFO task_dao.py:get_sending_msg:370: get_sending_msg size:0
2015-12-21 14:44:42,173, INFO push_maze.py:push_maze:83: __list is empty
2015-12-21 14:44:52,187, INFO task_dao.py:get_sending_msg:370: get_sending_msg size:0
2015-12-21 14:44:52,287, INFO push_maze.py:push_maze:83: __list is empty
2015-12-21 14:45:02,298, INFO task_dao.py:get_sending_msg:370: get_sending_msg size:0
2015-12-21 14:45:02,398, INFO push_maze.py:push_maze:83: __list is empty
2015-12-21 14:45:12,408, INFO task_dao.py:get_sending_msg:370: get_sending_msg size:0
2015-12-21 14:45:12,509, INFO push_maze.py:push_maze:83: __list is empty
2015-12-21 14:45:22,517, INFO task_dao.py:get_sending_msg:370: get_sending_msg size:0
2015-12-21 14:45:22,617, INFO push_maze.py:push_maze:83: __list is empty
2015-12-21 14:45:32,623, INFO task_dao.py:get_sending_msg:370: get_sending_msg size:0
2015-12-21 14:45:32,724, INFO push_maze.py:push_maze:83: __list is empty
2015-12-21 14:45:42,734, INFO task_dao.py:get_sending_msg:370: get_sending_msg size:0
2015-12-21 14:45:42,835, INFO push_maze.py:push_maze:83: __list is empty
2015-12-21 14:45:52,847, INFO task_dao.py:get_sending_msg:370: get_sending_msg size:0
2015-12-21 14:45:52,947, INFO push_maze.py:push_maze:83: __list is empty
2015-12-21 14:46:02,953, INFO task_dao.py:get_sending_msg:370: get_sending_msg size:0
2015-12-21 14:46:03,053, INFO push_maze.py:push_maze:83: __list is empty
2015-12-21 14:46:13,060, INFO task_dao.py:get_sending_msg:370: get_sending_msg size:0
2015-12-21 14:46:13,160, INFO push_maze.py:push_maze:83: __list is empty
2015-12-21 14:46:23,170, INFO task_dao.py:get_sending_msg:370: get_sending_msg size:0
2015-12-21 14:46:23,270, INFO push_maze.py:push_maze:83: __list is empty
2015-12-21 14:46:33,276, INFO task_dao.py:get_sending_msg:370: get_sending_msg size:0
2015-12-21 14:46:33,376, INFO push_maze.py:push_maze:83: __list is empty
2015-12-21 14:46:43,386, INFO task_dao.py:get_sending_msg:370: get_sending_msg size:0
2015-12-21 14:46:43,486, INFO push_maze.py:push_maze:83: __list is empty
2015-12-21 14:46:53,498, INFO task_dao.py:get_sending_msg:370: get_sending_msg size:0
2015-12-21 14:46:53,599, INFO push_maze.py:push_maze:83: __list is empty
2015-12-21 14:47:03,610, INFO task_dao.py:get_sending_msg:370: get_sending_msg size:0
2015-12-21 14:47:03,711, INFO push_maze.py:push_maze:83: __list is empty
2015-12-21 14:47:13,720, INFO task_dao.py:get_sending_msg:370: get_sending_msg size:0
2015-12-21 14:47:13,820, INFO push_maze.py:push_maze:83: __list is empty
2015-12-21 14:47:23,830, INFO task_dao.py:get_sending_msg:370: get_sending_msg size:0
2015-12-21 14:47:23,930, INFO push_maze.py:push_maze:83: __list is empty
2015-12-21 14:47:33,937, INFO task_dao.py:get_sending_msg:370: get_sending_msg size:0
2015-12-21 14:47:34,037, INFO push_maze.py:push_maze:83: __list is empty
2015-12-21 14:47:44,048, INFO task_dao.py:get_sending_msg:370: get_sending_msg size:0
2015-12-21 14:47:44,148, INFO push_maze.py:push_maze:83: __list is empty
2015-12-21 14:47:54,159, INFO task_dao.py:get_sending_msg:370: get_sending_msg size:0
2015-12-21 14:47:54,259, INFO push_maze.py:push_maze:83: __list is empty
2015-12-21 14:48:04,264, INFO task_dao.py:get_sending_msg:370: get_sending_msg size:0
2015-12-21 14:48:04,364, INFO push_maze.py:push_maze:83: __list is empty
2015-12-21 14:48:14,372, INFO task_dao.py:get_sending_msg:370: get_sending_msg size:0
2015-12-21 14:48:14,472, INFO push_maze.py:push_maze:83: __list is empty
2015-12-21 14:48:24,486, INFO task_dao.py:get_sending_msg:370: get_sending_msg size:0
2015-12-21 14:48:24,586, INFO push_maze.py:push_maze:83: __list is empty
2015-12-21 14:48:34,598, INFO task_dao.py:get_sending_msg:370: get_sending_msg size:0
2015-12-21 14:48:34,698, INFO push_maze.py:push_maze:83: __list is empty
2015-12-21 14:48:44,716, INFO task_dao.py:get_sending_msg:370: get_sending_msg size:0
2015-12-21 14:48:44,816, INFO push_maze.py:push_maze:83: __list is empty
2015-12-21 14:48:54,825, INFO task_dao.py:get_sending_msg:370: get_sending_msg size:0
2015-12-21 14:48:54,925, INFO push_maze.py:push_maze:83: __list is empty
2015-12-21 14:49:04,936, INFO task_dao.py:get_sending_msg:370: get_sending_msg size:0
2015-12-21 14:49:05,036, INFO push_maze.py:push_maze:83: __list is empty
2015-12-21 14:49:15,048, INFO task_dao.py:get_sending_msg:370: get_sending_msg size:0
2015-12-21 14:49:15,148, INFO push_maze.py:push_maze:83: __list is empty
2015-12-21 14:49:25,159, INFO task_dao.py:get_sending_msg:370: get_sending_msg size:0
2015-12-21 14:49:25,259, INFO push_maze.py:push_maze:83: __list is empty
2015-12-21 14:49:35,270, INFO task_dao.py:get_sending_msg:370: get_sending_msg size:0
2015-12-21 14:49:35,371, INFO push_maze.py:push_maze:83: __list is empty
2015-12-21 14:49:45,382, INFO task_dao.py:get_sending_msg:370: get_sending_msg size:0
2015-12-21 14:49:45,483, INFO push_maze.py:push_maze:83: __list is empty
2015-12-21 14:49:55,495, INFO task_dao.py:get_sending_msg:370: get_sending_msg size:0
2015-12-21 14:49:55,595, INFO push_maze.py:push_maze:83: __list is empty
2015-12-21 14:50:05,600, INFO task_dao.py:get_sending_msg:370: get_sending_msg size:0
2015-12-21 14:50:05,700, INFO push_maze.py:push_maze:83: __list is empty
2015-12-21 14:50:15,711, INFO task_dao.py:get_sending_msg:370: get_sending_msg size:0
2015-12-21 14:50:15,811, INFO push_maze.py:push_maze:83: __list is empty
2015-12-21 14:50:25,819, INFO task_dao.py:get_sending_msg:370: get_sending_msg size:0
2015-12-21 14:50:25,919, INFO push_maze.py:push_maze:83: __list is empty
2015-12-21 14:50:35,931, INFO task_dao.py:get_sending_msg:370: get_sending_msg size:0
2015-12-21 14:50:36,031, INFO push_maze.py:push_maze:83: __list is empty
2015-12-21 14:50:46,040, INFO task_dao.py:get_sending_msg:370: get_sending_msg size:0
2015-12-21 14:50:46,140, INFO push_maze.py:push_maze:83: __list is empty
2015-12-21 14:50:56,151, INFO task_dao.py:get_sending_msg:370: get_sending_msg size:0
2015-12-21 14:50:56,251, INFO push_maze.py:push_maze:83: __list is empty
2015-12-21 14:51:06,262, INFO task_dao.py:get_sending_msg:370: get_sending_msg size:0
2015-12-21 14:51:06,362, INFO push_maze.py:push_maze:83: __list is empty
2015-12-21 14:51:16,372, INFO task_dao.py:get_sending_msg:370: get_sending_msg size:0
2015-12-21 14:51:16,472, INFO push_maze.py:push_maze:83: __list is empty
2015-12-21 14:51:26,483, INFO task_dao.py:get_sending_msg:370: get_sending_msg size:0
2015-12-21 14:51:26,584, INFO push_maze.py:push_maze:83: __list is empty
2015-12-21 14:51:36,595, INFO task_dao.py:get_sending_msg:370: get_sending_msg size:0
2015-12-21 14:51:36,696, INFO push_maze.py:push_maze:83: __list is empty
2015-12-21 14:51:46,707, INFO task_dao.py:get_sending_msg:370: get_sending_msg size:0
2015-12-21 14:51:46,807, INFO push_maze.py:push_maze:83: __list is empty
2015-12-21 14:51:56,814, INFO task_dao.py:get_sending_msg:370: get_sending_msg size:0
2015-12-21 14:51:56,915, INFO push_maze.py:push_maze:83: __list is empty
2015-12-21 14:52:06,920, INFO task_dao.py:get_sending_msg:370: get_sending_msg size:0
2015-12-21 14:52:07,021, INFO push_maze.py:push_maze:83: __list is empty
2015-12-21 14:52:17,028, INFO task_dao.py:get_sending_msg:370: get_sending_msg size:0
2015-12-21 14:52:17,129, INFO push_maze.py:push_maze:83: __list is empty
2015-12-21 14:52:27,134, INFO task_dao.py:get_sending_msg:370: get_sending_msg size:0
2015-12-21 14:52:27,235, INFO push_maze.py:push_maze:83: __list is empty
2015-12-21 14:52:37,243, INFO task_dao.py:get_sending_msg:370: get_sending_msg size:0
2015-12-21 14:52:37,343, INFO push_maze.py:push_maze:83: __list is empty
2015-12-21 14:52:47,353, INFO task_dao.py:get_sending_msg:370: get_sending_msg size:0
2015-12-21 14:52:47,453, INFO push_maze.py:push_maze:83: __list is empty
2015-12-21 14:52:57,464, INFO task_dao.py:get_sending_msg:370: get_sending_msg size:0
2015-12-21 14:52:57,564, INFO push_maze.py:push_maze:83: __list is empty
2015-12-21 14:53:07,576, INFO task_dao.py:get_sending_msg:370: get_sending_msg size:0
2015-12-21 14:53:07,676, INFO push_maze.py:push_maze:83: __list is empty
2015-12-21 14:53:17,685, INFO task_dao.py:get_sending_msg:370: get_sending_msg size:0
2015-12-21 14:53:17,786, INFO push_maze.py:push_maze:83: __list is empty
2015-12-21 14:53:27,796, INFO task_dao.py:get_sending_msg:370: get_sending_msg size:0
2015-12-21 14:53:27,896, INFO push_maze.py:push_maze:83: __list is empty
2015-12-21 14:53:37,904, INFO task_dao.py:get_sending_msg:370: get_sending_msg size:0
2015-12-21 14:53:38,005, INFO push_maze.py:push_maze:83: __list is empty
2015-12-21 14:53:48,016, INFO task_dao.py:get_sending_msg:370: get_sending_msg size:0
2015-12-21 14:53:48,117, INFO push_maze.py:push_maze:83: __list is empty
2015-12-21 14:53:58,126, INFO task_dao.py:get_sending_msg:370: get_sending_msg size:0
2015-12-21 14:53:58,227, INFO push_maze.py:push_maze:83: __list is empty
2015-12-21 14:54:08,236, INFO task_dao.py:get_sending_msg:370: get_sending_msg size:0
2015-12-21 14:54:08,337, INFO push_maze.py:push_maze:83: __list is empty
2015-12-21 14:54:18,346, INFO task_dao.py:get_sending_msg:370: get_sending_msg size:0
2015-12-21 14:54:18,447, INFO push_maze.py:push_maze:83: __list is empty
2015-12-21 14:54:28,453, INFO task_dao.py:get_sending_msg:370: get_sending_msg size:0
2015-12-21 14:54:28,553, INFO push_maze.py:push_maze:83: __list is empty
2015-12-21 14:54:38,564, INFO task_dao.py:get_sending_msg:370: get_sending_msg size:0
2015-12-21 14:54:38,664, INFO push_maze.py:push_maze:83: __list is empty
2015-12-21 14:54:48,676, INFO task_dao.py:get_sending_msg:370: get_sending_msg size:0
2015-12-21 14:54:48,776, INFO push_maze.py:push_maze:83: __list is empty
2015-12-21 14:54:58,786, INFO task_dao.py:get_sending_msg:370: get_sending_msg size:0
2015-12-21 14:54:58,886, INFO push_maze.py:push_maze:83: __list is empty
2015-12-21 14:55:08,897, INFO task_dao.py:get_sending_msg:370: get_sending_msg size:0
2015-12-21 14:55:08,997, INFO push_maze.py:push_maze:83: __list is empty
2015-12-21 14:55:19,008, INFO task_dao.py:get_sending_msg:370: get_sending_msg size:0
2015-12-21 14:55:19,109, INFO push_maze.py:push_maze:83: __list is empty
2015-12-21 14:55:29,118, INFO task_dao.py:get_sending_msg:370: get_sending_msg size:0
2015-12-21 14:55:29,219, INFO push_maze.py:push_maze:83: __list is empty
2015-12-21 14:55:39,228, INFO task_dao.py:get_sending_msg:370: get_sending_msg size:0
2015-12-21 14:55:39,328, INFO push_maze.py:push_maze:83: __list is empty
2015-12-21 14:55:49,339, INFO task_dao.py:get_sending_msg:370: get_sending_msg size:0
2015-12-21 14:55:49,440, INFO push_maze.py:push_maze:83: __list is empty
2015-12-21 14:55:59,450, INFO task_dao.py:get_sending_msg:370: get_sending_msg size:0
2015-12-21 14:55:59,551, INFO push_maze.py:push_maze:83: __list is empty
2015-12-21 14:56:09,560, INFO task_dao.py:get_sending_msg:370: get_sending_msg size:0
2015-12-21 14:56:09,661, INFO push_maze.py:push_maze:83: __list is empty
2015-12-21 14:56:19,672, INFO task_dao.py:get_sending_msg:370: get_sending_msg size:0
2015-12-21 14:56:19,772, INFO push_maze.py:push_maze:83: __list is empty
2015-12-21 14:56:29,782, INFO task_dao.py:get_sending_msg:370: get_sending_msg size:0
2015-12-21 14:56:29,882, INFO push_maze.py:push_maze:83: __list is empty
2015-12-21 14:56:39,891, INFO task_dao.py:get_sending_msg:370: get_sending_msg size:0
2015-12-21 14:56:39,991, INFO push_maze.py:push_maze:83: __list is empty
2015-12-21 14:56:50,001, INFO task_dao.py:get_sending_msg:370: get_sending_msg size:0
2015-12-21 14:56:50,101, INFO push_maze.py:push_maze:83: __list is empty
2015-12-21 14:57:00,112, INFO task_dao.py:get_sending_msg:370: get_sending_msg size:0
2015-12-21 14:57:00,213, INFO push_maze.py:push_maze:83: __list is empty
2015-12-21 14:57:10,221, INFO task_dao.py:get_sending_msg:370: get_sending_msg size:0
2015-12-21 14:57:10,322, INFO push_maze.py:push_maze:83: __list is empty
2015-12-21 14:57:20,331, INFO task_dao.py:get_sending_msg:370: get_sending_msg size:0
2015-12-21 14:57:20,431, INFO push_maze.py:push_maze:83: __list is empty
2015-12-21 14:57:30,440, INFO task_dao.py:get_sending_msg:370: get_sending_msg size:0
2015-12-21 14:57:30,540, INFO push_maze.py:push_maze:83: __list is empty
2015-12-21 14:57:40,552, INFO task_dao.py:get_sending_msg:370: get_sending_msg size:0
2015-12-21 14:57:40,652, INFO push_maze.py:push_maze:83: __list is empty
2015-12-21 14:57:50,663, INFO task_dao.py:get_sending_msg:370: get_sending_msg size:0
2015-12-21 14:57:50,763, INFO push_maze.py:push_maze:83: __list is empty
2015-12-21 14:58:00,775, INFO task_dao.py:get_sending_msg:370: get_sending_msg size:0
2015-12-21 14:58:00,875, INFO push_maze.py:push_maze:83: __list is empty
2015-12-21 14:58:10,887, INFO task_dao.py:get_sending_msg:370: get_sending_msg size:0
2015-12-21 14:58:10,987, INFO push_maze.py:push_maze:83: __list is empty
2015-12-21 14:58:20,999, INFO task_dao.py:get_sending_msg:370: get_sending_msg size:0
2015-12-21 14:58:21,099, INFO push_maze.py:push_maze:83: __list is empty
2015-12-21 14:58:31,107, INFO task_dao.py:get_sending_msg:370: get_sending_msg size:0
2015-12-21 14:58:31,208, INFO push_maze.py:push_maze:83: __list is empty
2015-12-21 14:58:41,216, INFO task_dao.py:get_sending_msg:370: get_sending_msg size:0
2015-12-21 14:58:41,316, INFO push_maze.py:push_maze:83: __list is empty
2015-12-21 14:58:51,328, INFO task_dao.py:get_sending_msg:370: get_sending_msg size:0
2015-12-21 14:58:51,428, INFO push_maze.py:push_maze:83: __list is empty
2015-12-21 14:59:01,434, INFO task_dao.py:get_sending_msg:370: get_sending_msg size:0
2015-12-21 14:59:01,535, INFO push_maze.py:push_maze:83: __list is empty
2015-12-21 14:59:11,546, INFO task_dao.py:get_sending_msg:370: get_sending_msg size:0
2015-12-21 14:59:11,646, INFO push_maze.py:push_maze:83: __list is empty
2015-12-22 10:08:39,702, INFO task_dao.py:get_sending_msg:370: get_sending_msg size:0
2015-12-22 10:08:39,704, INFO push_maze.py:push_maze:83: __list is empty
2015-12-22 10:08:49,712, INFO task_dao.py:get_sending_msg:370: get_sending_msg size:0
2015-12-22 10:08:49,813, INFO push_maze.py:push_maze:83: __list is empty
2015-12-22 10:08:59,821, INFO task_dao.py:get_sending_msg:370: get_sending_msg size:0
2015-12-22 10:08:59,922, INFO push_maze.py:push_maze:83: __list is empty
2015-12-22 10:09:09,931, INFO task_dao.py:get_sending_msg:370: get_sending_msg size:0
2015-12-22 10:09:10,032, INFO push_maze.py:push_maze:83: __list is empty
2015-12-22 10:09:20,045, INFO task_dao.py:get_sending_msg:370: get_sending_msg size:0
2015-12-22 10:09:20,146, INFO push_maze.py:push_maze:83: __list is empty
2015-12-22 10:09:30,158, INFO task_dao.py:get_sending_msg:370: get_sending_msg size:0
2015-12-22 10:09:30,258, INFO push_maze.py:push_maze:83: __list is empty
2015-12-22 10:09:40,270, INFO task_dao.py:get_sending_msg:370: get_sending_msg size:0
2015-12-22 10:09:40,370, INFO push_maze.py:push_maze:83: __list is empty
2015-12-22 10:09:44,551, INFO http_server.py:download_add:50: download_add: {"origin": "spider", "vid": "http://v.youku.com/v_show/id_XNzQ3MTM0Mjk2.html", "tags": "\u89e6\u7535|\u4e8b\u6545|\u4fc4\u7f57\u65af|\u81f4\u547d", "describe": "\u89c6\u9891:  \u94c1\u8def\u4e0a\u7684\u81f4\u547d\u3002\u3002 ", "site": "yk", "priority": "1", "title": "\u89c6\u9891:  \u94c1\u8def\u4e0a\u7684\u81f4\u547d\u3002\u3002 ", "channel": "\u751f\u6d3b"}
2015-12-22 10:09:44,552, ERROR http_server.py:download_add:81: download_add error:local variable 'task_id' referenced before assignment
2015-12-22 10:09:50,382, INFO task_dao.py:get_sending_msg:370: get_sending_msg size:0
2015-12-22 10:09:50,482, INFO push_maze.py:push_maze:83: __list is empty
2015-12-22 10:10:00,494, INFO task_dao.py:get_sending_msg:370: get_sending_msg size:0
2015-12-22 10:10:00,595, INFO push_maze.py:push_maze:83: __list is empty
2015-12-22 10:10:10,608, INFO task_dao.py:get_sending_msg:370: get_sending_msg size:0
2015-12-22 10:10:10,708, INFO push_maze.py:push_maze:83: __list is empty
2015-12-22 10:10:20,724, INFO task_dao.py:get_sending_msg:370: get_sending_msg size:0
2015-12-22 10:10:20,824, INFO push_maze.py:push_maze:83: __list is empty
2015-12-22 10:10:30,834, INFO task_dao.py:get_sending_msg:370: get_sending_msg size:0
2015-12-22 10:10:30,935, INFO push_maze.py:push_maze:83: __list is empty
2015-12-22 10:10:40,947, INFO task_dao.py:get_sending_msg:370: get_sending_msg size:0
2015-12-22 10:10:41,048, INFO push_maze.py:push_maze:83: __list is empty
2015-12-22 10:10:51,060, INFO task_dao.py:get_sending_msg:370: get_sending_msg size:0
2015-12-22 10:10:51,161, INFO push_maze.py:push_maze:83: __list is empty
2015-12-22 10:11:01,173, INFO task_dao.py:get_sending_msg:370: get_sending_msg size:0
2015-12-22 10:11:01,273, INFO push_maze.py:push_maze:83: __list is empty
2015-12-22 10:11:11,285, INFO task_dao.py:get_sending_msg:370: get_sending_msg size:0
2015-12-22 10:11:11,386, INFO push_maze.py:push_maze:83: __list is empty
2015-12-22 10:11:21,394, INFO task_dao.py:get_sending_msg:370: get_sending_msg size:0
2015-12-22 10:11:21,494, INFO push_maze.py:push_maze:83: __list is empty
2015-12-22 10:11:31,506, INFO task_dao.py:get_sending_msg:370: get_sending_msg size:0
2015-12-22 10:11:31,607, INFO push_maze.py:push_maze:83: __list is empty
2015-12-22 10:11:41,618, INFO task_dao.py:get_sending_msg:370: get_sending_msg size:0
2015-12-22 10:11:41,719, INFO push_maze.py:push_maze:83: __list is empty
2015-12-22 10:11:51,731, INFO task_dao.py:get_sending_msg:370: get_sending_msg size:0
2015-12-22 10:11:51,832, INFO push_maze.py:push_maze:83: __list is empty
2015-12-22 10:12:01,846, INFO task_dao.py:get_sending_msg:370: get_sending_msg size:0
2015-12-22 10:12:01,947, INFO push_maze.py:push_maze:83: __list is empty
2015-12-22 10:12:05,362, INFO http_server.py:download_add:50: download_add: {"origin": "spider", "vid": "http://v.youku.com/v_show/id_XNzQ3MTM0Mjk2.html", "tags": "\u89e6\u7535|\u4e8b\u6545|\u4fc4\u7f57\u65af|\u81f4\u547d", "describe": "\u89c6\u9891:  \u94c1\u8def\u4e0a\u7684\u81f4\u547d\u3002\u3002 ", "site": "yk", "priority": "1", "title": "\u89c6\u9891:  \u94c1\u8def\u4e0a\u7684\u81f4\u547d\u3002\u3002 ", "channel": "\u751f\u6d3b"}
2015-12-22 10:12:05,363, ERROR http_server.py:download_add:81: download_add error:local variable 'task_id' referenced before assignment
2015-12-22 10:12:11,959, INFO task_dao.py:get_sending_msg:370: get_sending_msg size:0
2015-12-22 10:12:12,059, INFO push_maze.py:push_maze:83: __list is empty
2015-12-22 10:12:22,073, INFO task_dao.py:get_sending_msg:370: get_sending_msg size:0
2015-12-22 10:12:22,174, INFO push_maze.py:push_maze:83: __list is empty
2015-12-22 10:12:32,186, INFO task_dao.py:get_sending_msg:370: get_sending_msg size:0
2015-12-22 10:12:32,287, INFO push_maze.py:push_maze:83: __list is empty
2015-12-22 10:12:42,299, INFO task_dao.py:get_sending_msg:370: get_sending_msg size:0
2015-12-22 10:12:42,400, INFO push_maze.py:push_maze:83: __list is empty
2015-12-22 10:12:52,410, INFO task_dao.py:get_sending_msg:370: get_sending_msg size:0
2015-12-22 10:12:52,511, INFO push_maze.py:push_maze:83: __list is empty
2015-12-22 10:13:02,525, INFO task_dao.py:get_sending_msg:370: get_sending_msg size:0
2015-12-22 10:13:02,626, INFO push_maze.py:push_maze:83: __list is empty
2015-12-22 10:13:12,637, INFO task_dao.py:get_sending_msg:370: get_sending_msg size:0
2015-12-22 10:13:12,737, INFO push_maze.py:push_maze:83: __list is empty
2015-12-22 10:13:22,742, INFO task_dao.py:get_sending_msg:370: get_sending_msg size:0
2015-12-22 10:13:22,843, INFO push_maze.py:push_maze:83: __list is empty
2015-12-22 10:13:32,853, INFO task_dao.py:get_sending_msg:370: get_sending_msg size:0
2015-12-22 10:13:32,953, INFO push_maze.py:push_maze:83: __list is empty
2015-12-22 10:26:41,027, INFO task_dao.py:get_sending_msg:370: get_sending_msg size:0
2015-12-22 10:26:41,030, INFO push_maze.py:push_maze:83: __list is empty
2015-12-22 10:26:51,040, INFO task_dao.py:get_sending_msg:370: get_sending_msg size:0
2015-12-22 10:26:51,140, INFO push_maze.py:push_maze:83: __list is empty
2015-12-22 10:27:01,154, INFO task_dao.py:get_sending_msg:370: get_sending_msg size:0
2015-12-22 10:27:01,254, INFO push_maze.py:push_maze:83: __list is empty
2015-12-22 10:27:11,266, INFO task_dao.py:get_sending_msg:370: get_sending_msg size:0
2015-12-22 10:27:11,386, INFO push_maze.py:push_maze:83: __list is empty
2015-12-22 10:27:21,397, INFO task_dao.py:get_sending_msg:370: get_sending_msg size:0
2015-12-22 10:27:21,498, INFO push_maze.py:push_maze:83: __list is empty
2015-12-22 10:27:31,510, INFO task_dao.py:get_sending_msg:370: get_sending_msg size:0
2015-12-22 10:27:31,610, INFO push_maze.py:push_maze:83: __list is empty
2015-12-22 10:27:41,620, INFO task_dao.py:get_sending_msg:370: get_sending_msg size:0
2015-12-22 10:27:41,721, INFO push_maze.py:push_maze:83: __list is empty
2015-12-22 10:27:51,733, INFO task_dao.py:get_sending_msg:370: get_sending_msg size:0
2015-12-22 10:27:51,833, INFO push_maze.py:push_maze:83: __list is empty
2015-12-22 10:28:01,845, INFO task_dao.py:get_sending_msg:370: get_sending_msg size:0
2015-12-22 10:28:01,946, INFO push_maze.py:push_maze:83: __list is empty
2015-12-22 10:28:11,958, INFO task_dao.py:get_sending_msg:370: get_sending_msg size:0
2015-12-22 10:28:12,058, INFO push_maze.py:push_maze:83: __list is empty
2015-12-22 10:28:22,070, INFO task_dao.py:get_sending_msg:370: get_sending_msg size:0
2015-12-22 10:28:22,171, INFO push_maze.py:push_maze:83: __list is empty
2015-12-22 10:28:32,183, INFO task_dao.py:get_sending_msg:370: get_sending_msg size:0
2015-12-22 10:28:32,283, INFO push_maze.py:push_maze:83: __list is empty
2015-12-22 10:28:42,289, INFO task_dao.py:get_sending_msg:370: get_sending_msg size:0
2015-12-22 10:28:42,390, INFO push_maze.py:push_maze:83: __list is empty
2015-12-22 10:28:52,401, INFO task_dao.py:get_sending_msg:370: get_sending_msg size:0
2015-12-22 10:28:52,501, INFO push_maze.py:push_maze:83: __list is empty
2015-12-22 10:29:02,511, INFO task_dao.py:get_sending_msg:370: get_sending_msg size:0
2015-12-22 10:29:02,612, INFO push_maze.py:push_maze:83: __list is empty
2015-12-22 10:29:12,621, INFO task_dao.py:get_sending_msg:370: get_sending_msg size:0
2015-12-22 10:29:12,721, INFO push_maze.py:push_maze:83: __list is empty
2015-12-22 10:29:17,507, INFO http_server.py:download_add:50: download_add: {"action": "video_add", "data": {"bestv_gid": "", "description": "\u89c6\u9891:  \u94c1\u8def\u4e0a\u7684\u81f4\u547d\u3002\u3002 ", "tags": "\u89e6\u7535|\u4e8b\u6545|\u4fc4\u7f57\u65af|\u81f4\u547d", "sign": "", "source_type": "crawler", "still": "", "category": "\u751f\u6d3b", "ori_id": 1, "name": "\u89c6\u9891:  \u94c1\u8def\u4e0a\u7684\u81f4\u547d\u3002\u3002 ", "language": "", "title": "\u89c6\u9891:  \u94c1\u8def\u4e0a\u7684\u81f4\u547d\u3002\u3002 ", "dld_link": "http://v.youku.com/v_show/id_XNzQ3MTM0Mjk2.html", "creater": "crawler", "channel": ""}}
2015-12-22 10:29:17,508, ERROR http_server.py:download_add:81: download_add error:local variable 'task_id' referenced before assignment
2015-12-22 10:29:22,733, INFO task_dao.py:get_sending_msg:370: get_sending_msg size:0
2015-12-22 10:29:22,833, INFO push_maze.py:push_maze:83: __list is empty
2015-12-22 10:29:32,846, INFO task_dao.py:get_sending_msg:370: get_sending_msg size:0
2015-12-22 10:29:32,946, INFO push_maze.py:push_maze:83: __list is empty
2015-12-22 10:29:42,955, INFO task_dao.py:get_sending_msg:370: get_sending_msg size:0
2015-12-22 10:29:43,056, INFO push_maze.py:push_maze:83: __list is empty
2015-12-22 10:29:53,066, INFO task_dao.py:get_sending_msg:370: get_sending_msg size:0
2015-12-22 10:29:53,167, INFO push_maze.py:push_maze:83: __list is empty
2015-12-22 10:30:03,175, INFO task_dao.py:get_sending_msg:370: get_sending_msg size:0
2015-12-22 10:30:03,276, INFO push_maze.py:push_maze:83: __list is empty
2015-12-22 10:30:13,287, INFO task_dao.py:get_sending_msg:370: get_sending_msg size:0
2015-12-22 10:30:13,388, INFO push_maze.py:push_maze:83: __list is empty
2015-12-22 10:30:23,399, INFO task_dao.py:get_sending_msg:370: get_sending_msg size:0
2015-12-22 10:30:23,499, INFO push_maze.py:push_maze:83: __list is empty
2015-12-22 10:30:33,511, INFO task_dao.py:get_sending_msg:370: get_sending_msg size:0
2015-12-22 10:30:33,612, INFO push_maze.py:push_maze:83: __list is empty
2015-12-22 10:30:43,623, INFO task_dao.py:get_sending_msg:370: get_sending_msg size:0
2015-12-22 10:30:43,724, INFO push_maze.py:push_maze:83: __list is empty
2015-12-22 10:30:53,736, INFO task_dao.py:get_sending_msg:370: get_sending_msg size:0
2015-12-22 10:30:53,836, INFO push_maze.py:push_maze:83: __list is empty
2015-12-22 10:31:03,848, INFO task_dao.py:get_sending_msg:370: get_sending_msg size:0
2015-12-22 10:31:03,949, INFO push_maze.py:push_maze:83: __list is empty
2015-12-22 10:31:13,959, INFO task_dao.py:get_sending_msg:370: get_sending_msg size:0
2015-12-22 10:31:14,060, INFO push_maze.py:push_maze:83: __list is empty
2015-12-22 10:31:24,066, INFO task_dao.py:get_sending_msg:370: get_sending_msg size:0
2015-12-22 10:31:24,167, INFO push_maze.py:push_maze:83: __list is empty
2015-12-22 10:31:34,178, INFO task_dao.py:get_sending_msg:370: get_sending_msg size:0
2015-12-22 10:31:34,278, INFO push_maze.py:push_maze:83: __list is empty
2015-12-22 10:31:44,290, INFO task_dao.py:get_sending_msg:370: get_sending_msg size:0
2015-12-22 10:31:44,390, INFO push_maze.py:push_maze:83: __list is empty
2015-12-22 10:31:54,401, INFO task_dao.py:get_sending_msg:370: get_sending_msg size:0
2015-12-22 10:31:54,501, INFO push_maze.py:push_maze:83: __list is empty
2015-12-22 10:32:04,513, INFO task_dao.py:get_sending_msg:370: get_sending_msg size:0
2015-12-22 10:32:04,613, INFO push_maze.py:push_maze:83: __list is empty
2015-12-22 10:32:14,625, INFO task_dao.py:get_sending_msg:370: get_sending_msg size:0
2015-12-22 10:32:14,726, INFO push_maze.py:push_maze:83: __list is empty
2015-12-22 10:32:24,736, INFO task_dao.py:get_sending_msg:370: get_sending_msg size:0
2015-12-22 10:32:24,837, INFO push_maze.py:push_maze:83: __list is empty
2015-12-22 10:32:34,848, INFO task_dao.py:get_sending_msg:370: get_sending_msg size:0
2015-12-22 10:32:34,948, INFO push_maze.py:push_maze:83: __list is empty
2015-12-22 10:32:44,960, INFO task_dao.py:get_sending_msg:370: get_sending_msg size:0
2015-12-22 10:32:45,061, INFO push_maze.py:push_maze:83: __list is empty
2015-12-22 10:32:55,072, INFO task_dao.py:get_sending_msg:370: get_sending_msg size:0
2015-12-22 10:32:55,172, INFO push_maze.py:push_maze:83: __list is empty
2015-12-22 10:33:05,184, INFO task_dao.py:get_sending_msg:370: get_sending_msg size:0
2015-12-22 10:33:05,285, INFO push_maze.py:push_maze:83: __list is empty
2015-12-22 10:33:15,291, INFO task_dao.py:get_sending_msg:370: get_sending_msg size:0
2015-12-22 10:33:15,392, INFO push_maze.py:push_maze:83: __list is empty
2015-12-22 10:33:25,403, INFO task_dao.py:get_sending_msg:370: get_sending_msg size:0
2015-12-22 10:33:25,504, INFO push_maze.py:push_maze:83: __list is empty
2015-12-22 10:33:35,512, INFO task_dao.py:get_sending_msg:370: get_sending_msg size:0
2015-12-22 10:33:35,613, INFO push_maze.py:push_maze:83: __list is empty
2015-12-22 10:33:45,624, INFO task_dao.py:get_sending_msg:370: get_sending_msg size:0
2015-12-22 10:33:45,725, INFO push_maze.py:push_maze:83: __list is empty
2015-12-22 10:33:55,736, INFO task_dao.py:get_sending_msg:370: get_sending_msg size:0
2015-12-22 10:33:55,836, INFO push_maze.py:push_maze:83: __list is empty
2015-12-22 10:34:05,845, INFO task_dao.py:get_sending_msg:370: get_sending_msg size:0
2015-12-22 10:34:05,946, INFO push_maze.py:push_maze:83: __list is empty
2015-12-22 10:34:15,955, INFO task_dao.py:get_sending_msg:370: get_sending_msg size:0
2015-12-22 10:34:16,055, INFO push_maze.py:push_maze:83: __list is empty
2015-12-22 10:34:26,065, INFO task_dao.py:get_sending_msg:370: get_sending_msg size:0
2015-12-22 10:34:26,166, INFO push_maze.py:push_maze:83: __list is empty
2015-12-22 10:34:36,178, INFO task_dao.py:get_sending_msg:370: get_sending_msg size:0
2015-12-22 10:34:36,279, INFO push_maze.py:push_maze:83: __list is empty
2015-12-22 10:34:46,291, INFO task_dao.py:get_sending_msg:370: get_sending_msg size:0
2015-12-22 10:34:46,392, INFO push_maze.py:push_maze:83: __list is empty
2015-12-22 10:34:56,403, INFO task_dao.py:get_sending_msg:370: get_sending_msg size:0
2015-12-22 10:34:56,504, INFO push_maze.py:push_maze:83: __list is empty
2015-12-22 10:35:06,515, INFO task_dao.py:get_sending_msg:370: get_sending_msg size:0
2015-12-22 10:35:06,615, INFO push_maze.py:push_maze:83: __list is empty
2015-12-22 10:35:16,626, INFO task_dao.py:get_sending_msg:370: get_sending_msg size:0
2015-12-22 10:35:16,727, INFO push_maze.py:push_maze:83: __list is empty
2015-12-22 10:35:26,736, INFO task_dao.py:get_sending_msg:370: get_sending_msg size:0
2015-12-22 10:35:26,836, INFO push_maze.py:push_maze:83: __list is empty
2015-12-22 10:35:36,848, INFO task_dao.py:get_sending_msg:370: get_sending_msg size:0
2015-12-22 10:35:36,948, INFO push_maze.py:push_maze:83: __list is empty
2015-12-22 10:35:46,961, INFO task_dao.py:get_sending_msg:370: get_sending_msg size:0
2015-12-22 10:35:47,061, INFO push_maze.py:push_maze:83: __list is empty
2015-12-22 10:35:57,071, INFO task_dao.py:get_sending_msg:370: get_sending_msg size:0
2015-12-22 10:35:57,172, INFO push_maze.py:push_maze:83: __list is empty
2015-12-22 10:36:07,180, INFO task_dao.py:get_sending_msg:370: get_sending_msg size:0
2015-12-22 10:36:07,281, INFO push_maze.py:push_maze:83: __list is empty
2015-12-22 10:36:17,290, INFO task_dao.py:get_sending_msg:370: get_sending_msg size:0
2015-12-22 10:36:17,390, INFO push_maze.py:push_maze:83: __list is empty
2015-12-22 10:36:27,401, INFO task_dao.py:get_sending_msg:370: get_sending_msg size:0
2015-12-22 10:36:27,502, INFO push_maze.py:push_maze:83: __list is empty
2015-12-22 10:36:37,514, INFO task_dao.py:get_sending_msg:370: get_sending_msg size:0
2015-12-22 10:36:37,615, INFO push_maze.py:push_maze:83: __list is empty
2015-12-22 10:36:47,624, INFO task_dao.py:get_sending_msg:370: get_sending_msg size:0
2015-12-22 10:36:47,725, INFO push_maze.py:push_maze:83: __list is empty
2015-12-22 10:36:57,735, INFO task_dao.py:get_sending_msg:370: get_sending_msg size:0
2015-12-22 10:36:57,836, INFO push_maze.py:push_maze:83: __list is empty
2015-12-22 10:37:07,848, INFO task_dao.py:get_sending_msg:370: get_sending_msg size:0
2015-12-22 10:37:07,948, INFO push_maze.py:push_maze:83: __list is empty
2015-12-22 10:37:17,953, INFO task_dao.py:get_sending_msg:370: get_sending_msg size:0
2015-12-22 10:37:18,053, INFO push_maze.py:push_maze:83: __list is empty
2015-12-22 10:37:28,065, INFO task_dao.py:get_sending_msg:370: get_sending_msg size:0
2015-12-22 10:37:28,165, INFO push_maze.py:push_maze:83: __list is empty
2015-12-22 10:37:38,176, INFO task_dao.py:get_sending_msg:370: get_sending_msg size:0
2015-12-22 10:37:38,277, INFO push_maze.py:push_maze:83: __list is empty
2015-12-22 10:37:48,288, INFO task_dao.py:get_sending_msg:370: get_sending_msg size:0
2015-12-22 10:37:48,388, INFO push_maze.py:push_maze:83: __list is empty
2015-12-22 10:37:58,400, INFO task_dao.py:get_sending_msg:370: get_sending_msg size:0
2015-12-22 10:37:58,500, INFO push_maze.py:push_maze:83: __list is empty
2015-12-22 10:38:08,511, INFO task_dao.py:get_sending_msg:370: get_sending_msg size:0
2015-12-22 10:38:08,612, INFO push_maze.py:push_maze:83: __list is empty
2015-12-22 10:38:18,624, INFO task_dao.py:get_sending_msg:370: get_sending_msg size:0
2015-12-22 10:38:18,725, INFO push_maze.py:push_maze:83: __list is empty
2015-12-22 10:38:28,737, INFO task_dao.py:get_sending_msg:370: get_sending_msg size:0
2015-12-22 10:38:28,838, INFO push_maze.py:push_maze:83: __list is empty
2015-12-22 10:38:38,849, INFO task_dao.py:get_sending_msg:370: get_sending_msg size:0
2015-12-22 10:38:38,950, INFO push_maze.py:push_maze:83: __list is empty
2015-12-22 10:38:48,962, INFO task_dao.py:get_sending_msg:370: get_sending_msg size:0
2015-12-22 10:38:49,062, INFO push_maze.py:push_maze:83: __list is empty
2015-12-22 10:38:59,071, INFO task_dao.py:get_sending_msg:370: get_sending_msg size:0
2015-12-22 10:38:59,172, INFO push_maze.py:push_maze:83: __list is empty
2015-12-22 10:39:09,184, INFO task_dao.py:get_sending_msg:370: get_sending_msg size:0
2015-12-22 10:39:09,285, INFO push_maze.py:push_maze:83: __list is empty
2015-12-22 10:39:19,296, INFO task_dao.py:get_sending_msg:370: get_sending_msg size:0
2015-12-22 10:39:19,397, INFO push_maze.py:push_maze:83: __list is empty
2015-12-22 10:39:29,407, INFO task_dao.py:get_sending_msg:370: get_sending_msg size:0
2015-12-22 10:39:29,508, INFO push_maze.py:push_maze:83: __list is empty
2015-12-22 10:39:39,521, INFO task_dao.py:get_sending_msg:370: get_sending_msg size:0
2015-12-22 10:39:39,621, INFO push_maze.py:push_maze:83: __list is empty
2015-12-22 10:39:49,628, INFO task_dao.py:get_sending_msg:370: get_sending_msg size:0
2015-12-22 10:39:49,728, INFO push_maze.py:push_maze:83: __list is empty
2015-12-22 10:39:59,740, INFO task_dao.py:get_sending_msg:370: get_sending_msg size:0
2015-12-22 10:39:59,841, INFO push_maze.py:push_maze:83: __list is empty
2015-12-22 10:40:09,859, INFO task_dao.py:get_sending_msg:370: get_sending_msg size:0
2015-12-22 10:40:09,960, INFO push_maze.py:push_maze:83: __list is empty
2015-12-22 10:40:19,971, INFO task_dao.py:get_sending_msg:370: get_sending_msg size:0
2015-12-22 10:40:20,071, INFO push_maze.py:push_maze:83: __list is empty
2015-12-22 10:40:30,081, INFO task_dao.py:get_sending_msg:370: get_sending_msg size:0
2015-12-22 10:40:30,181, INFO push_maze.py:push_maze:83: __list is empty
2015-12-22 10:40:40,192, INFO task_dao.py:get_sending_msg:370: get_sending_msg size:0
2015-12-22 10:40:40,293, INFO push_maze.py:push_maze:83: __list is empty
2015-12-22 10:40:50,304, INFO task_dao.py:get_sending_msg:370: get_sending_msg size:0
2015-12-22 10:40:50,404, INFO push_maze.py:push_maze:83: __list is empty
2015-12-22 10:41:00,416, INFO task_dao.py:get_sending_msg:370: get_sending_msg size:0
2015-12-22 10:41:00,517, INFO push_maze.py:push_maze:83: __list is empty
2015-12-22 10:41:10,528, INFO task_dao.py:get_sending_msg:370: get_sending_msg size:0
2015-12-22 10:41:10,629, INFO push_maze.py:push_maze:83: __list is empty
2015-12-22 10:41:20,641, INFO task_dao.py:get_sending_msg:370: get_sending_msg size:0
2015-12-22 10:41:20,742, INFO push_maze.py:push_maze:83: __list is empty
2015-12-22 10:41:30,752, INFO task_dao.py:get_sending_msg:370: get_sending_msg size:0
2015-12-22 10:41:30,852, INFO push_maze.py:push_maze:83: __list is empty
2015-12-22 10:41:40,864, INFO task_dao.py:get_sending_msg:370: get_sending_msg size:0
2015-12-22 10:41:40,964, INFO push_maze.py:push_maze:83: __list is empty
2015-12-22 10:41:50,972, INFO task_dao.py:get_sending_msg:370: get_sending_msg size:0
2015-12-22 10:41:51,072, INFO push_maze.py:push_maze:83: __list is empty
2015-12-22 10:42:01,122, INFO task_dao.py:get_sending_msg:370: get_sending_msg size:0
2015-12-22 10:42:01,222, INFO push_maze.py:push_maze:83: __list is empty
2015-12-22 10:42:11,231, INFO task_dao.py:get_sending_msg:370: get_sending_msg size:0
2015-12-22 10:42:11,332, INFO push_maze.py:push_maze:83: __list is empty
2015-12-22 10:42:21,342, INFO task_dao.py:get_sending_msg:370: get_sending_msg size:0
2015-12-22 10:42:21,442, INFO push_maze.py:push_maze:83: __list is empty
2015-12-22 10:42:31,452, INFO task_dao.py:get_sending_msg:370: get_sending_msg size:0
2015-12-22 10:42:31,553, INFO push_maze.py:push_maze:83: __list is empty
2015-12-22 10:42:41,561, INFO task_dao.py:get_sending_msg:370: get_sending_msg size:0
2015-12-22 10:42:41,662, INFO push_maze.py:push_maze:83: __list is empty
2015-12-22 10:42:51,674, INFO task_dao.py:get_sending_msg:370: get_sending_msg size:0
2015-12-22 10:42:51,774, INFO push_maze.py:push_maze:83: __list is empty
2015-12-22 10:43:01,786, INFO task_dao.py:get_sending_msg:370: get_sending_msg size:0
2015-12-22 10:43:01,886, INFO push_maze.py:push_maze:83: __list is empty
2015-12-22 10:43:11,898, INFO task_dao.py:get_sending_msg:370: get_sending_msg size:0
2015-12-22 10:43:11,999, INFO push_maze.py:push_maze:83: __list is empty
2015-12-22 10:43:22,009, INFO task_dao.py:get_sending_msg:370: get_sending_msg size:0
2015-12-22 10:43:22,109, INFO push_maze.py:push_maze:83: __list is empty
2015-12-22 10:43:32,119, INFO task_dao.py:get_sending_msg:370: get_sending_msg size:0
2015-12-22 10:43:32,220, INFO push_maze.py:push_maze:83: __list is empty
2015-12-22 10:43:42,228, INFO task_dao.py:get_sending_msg:370: get_sending_msg size:0
2015-12-22 10:43:42,328, INFO push_maze.py:push_maze:83: __list is empty
2015-12-22 10:43:52,340, INFO task_dao.py:get_sending_msg:370: get_sending_msg size:0
2015-12-22 10:43:52,440, INFO push_maze.py:push_maze:83: __list is empty
2015-12-22 10:44:02,452, INFO task_dao.py:get_sending_msg:370: get_sending_msg size:0
2015-12-22 10:44:02,553, INFO push_maze.py:push_maze:83: __list is empty
2015-12-22 10:44:12,564, INFO task_dao.py:get_sending_msg:370: get_sending_msg size:0
2015-12-22 10:44:12,664, INFO push_maze.py:push_maze:83: __list is empty
2015-12-22 10:44:22,677, INFO task_dao.py:get_sending_msg:370: get_sending_msg size:0
2015-12-22 10:44:22,777, INFO push_maze.py:push_maze:83: __list is empty
2015-12-22 10:44:32,788, INFO task_dao.py:get_sending_msg:370: get_sending_msg size:0
2015-12-22 10:44:32,888, INFO push_maze.py:push_maze:83: __list is empty
2015-12-22 10:44:42,901, INFO task_dao.py:get_sending_msg:370: get_sending_msg size:0
2015-12-22 10:44:43,001, INFO push_maze.py:push_maze:83: __list is empty
2015-12-22 10:44:53,012, INFO task_dao.py:get_sending_msg:370: get_sending_msg size:0
2015-12-22 10:44:53,113, INFO push_maze.py:push_maze:83: __list is empty
2015-12-22 10:45:03,124, INFO task_dao.py:get_sending_msg:370: get_sending_msg size:0
2015-12-22 10:45:03,225, INFO push_maze.py:push_maze:83: __list is empty
2015-12-22 10:45:13,234, INFO task_dao.py:get_sending_msg:370: get_sending_msg size:0
2015-12-22 10:45:13,335, INFO push_maze.py:push_maze:83: __list is empty
2015-12-22 10:45:23,344, INFO task_dao.py:get_sending_msg:370: get_sending_msg size:0
2015-12-22 10:45:23,445, INFO push_maze.py:push_maze:83: __list is empty
2015-12-22 10:45:33,452, INFO task_dao.py:get_sending_msg:370: get_sending_msg size:0
2015-12-22 10:45:33,553, INFO push_maze.py:push_maze:83: __list is empty
2015-12-22 10:45:43,561, INFO task_dao.py:get_sending_msg:370: get_sending_msg size:0
2015-12-22 10:45:43,662, INFO push_maze.py:push_maze:83: __list is empty
2015-12-22 10:45:53,672, INFO task_dao.py:get_sending_msg:370: get_sending_msg size:0
2015-12-22 10:45:53,773, INFO push_maze.py:push_maze:83: __list is empty
2015-12-22 10:46:03,785, INFO task_dao.py:get_sending_msg:370: get_sending_msg size:0
2015-12-22 10:46:03,885, INFO push_maze.py:push_maze:83: __list is empty
2015-12-22 10:46:13,897, INFO task_dao.py:get_sending_msg:370: get_sending_msg size:0
2015-12-22 10:46:13,998, INFO push_maze.py:push_maze:83: __list is empty
2015-12-22 10:46:24,009, INFO task_dao.py:get_sending_msg:370: get_sending_msg size:0
2015-12-22 10:46:24,110, INFO push_maze.py:push_maze:83: __list is empty
2015-12-22 10:46:34,134, INFO task_dao.py:get_sending_msg:370: get_sending_msg size:0
2015-12-22 10:46:34,234, INFO push_maze.py:push_maze:83: __list is empty
2015-12-22 10:46:44,246, INFO task_dao.py:get_sending_msg:370: get_sending_msg size:0
2015-12-22 10:46:44,347, INFO push_maze.py:push_maze:83: __list is empty
2015-12-22 10:46:54,355, INFO task_dao.py:get_sending_msg:370: get_sending_msg size:0
2015-12-22 10:46:54,456, INFO push_maze.py:push_maze:83: __list is empty
2015-12-22 10:47:04,467, INFO task_dao.py:get_sending_msg:370: get_sending_msg size:0
2015-12-22 10:47:04,567, INFO push_maze.py:push_maze:83: __list is empty
2015-12-22 10:47:14,578, INFO task_dao.py:get_sending_msg:370: get_sending_msg size:0
2015-12-22 10:47:14,678, INFO push_maze.py:push_maze:83: __list is empty
2015-12-22 10:47:24,690, INFO task_dao.py:get_sending_msg:370: get_sending_msg size:0
2015-12-22 10:47:24,791, INFO push_maze.py:push_maze:83: __list is empty
2015-12-22 10:47:34,800, INFO task_dao.py:get_sending_msg:370: get_sending_msg size:0
2015-12-22 10:47:34,901, INFO push_maze.py:push_maze:83: __list is empty
2015-12-22 10:47:44,913, INFO task_dao.py:get_sending_msg:370: get_sending_msg size:0
2015-12-22 10:47:45,013, INFO push_maze.py:push_maze:83: __list is empty
2015-12-22 10:47:55,021, INFO task_dao.py:get_sending_msg:370: get_sending_msg size:0
2015-12-22 10:47:55,122, INFO push_maze.py:push_maze:83: __list is empty
2015-12-22 10:48:05,132, INFO task_dao.py:get_sending_msg:370: get_sending_msg size:0
2015-12-22 10:48:05,233, INFO push_maze.py:push_maze:83: __list is empty
2015-12-22 10:48:15,245, INFO task_dao.py:get_sending_msg:370: get_sending_msg size:0
2015-12-22 10:48:15,346, INFO push_maze.py:push_maze:83: __list is empty
2015-12-22 10:48:25,357, INFO task_dao.py:get_sending_msg:370: get_sending_msg size:0
2015-12-22 10:48:25,457, INFO push_maze.py:push_maze:83: __list is empty
2015-12-22 10:48:35,469, INFO task_dao.py:get_sending_msg:370: get_sending_msg size:0
2015-12-22 10:48:35,569, INFO push_maze.py:push_maze:83: __list is empty
2015-12-22 10:48:45,580, INFO task_dao.py:get_sending_msg:370: get_sending_msg size:0
2015-12-22 10:48:45,681, INFO push_maze.py:push_maze:83: __list is empty
2015-12-22 10:48:55,693, INFO task_dao.py:get_sending_msg:370: get_sending_msg size:0
2015-12-22 10:48:55,796, INFO push_maze.py:push_maze:83: __list is empty
2015-12-22 10:49:05,807, INFO task_dao.py:get_sending_msg:370: get_sending_msg size:0
2015-12-22 10:49:05,907, INFO push_maze.py:push_maze:83: __list is empty
2015-12-22 10:49:15,918, INFO task_dao.py:get_sending_msg:370: get_sending_msg size:0
2015-12-22 10:49:16,018, INFO push_maze.py:push_maze:83: __list is empty
2015-12-22 10:49:26,028, INFO task_dao.py:get_sending_msg:370: get_sending_msg size:0
2015-12-22 10:49:26,128, INFO push_maze.py:push_maze:83: __list is empty
2015-12-22 10:49:36,136, INFO task_dao.py:get_sending_msg:370: get_sending_msg size:0
2015-12-22 10:49:36,237, INFO push_maze.py:push_maze:83: __list is empty
2015-12-22 10:49:46,249, INFO task_dao.py:get_sending_msg:370: get_sending_msg size:0
2015-12-22 10:49:46,350, INFO push_maze.py:push_maze:83: __list is empty
2015-12-22 10:49:56,362, INFO task_dao.py:get_sending_msg:370: get_sending_msg size:0
2015-12-22 10:49:56,462, INFO push_maze.py:push_maze:83: __list is empty
2015-12-22 10:50:06,471, INFO task_dao.py:get_sending_msg:370: get_sending_msg size:0
2015-12-22 10:50:06,572, INFO push_maze.py:push_maze:83: __list is empty
2015-12-22 10:50:16,583, INFO task_dao.py:get_sending_msg:370: get_sending_msg size:0
2015-12-22 10:50:16,683, INFO push_maze.py:push_maze:83: __list is empty
2015-12-22 10:50:26,692, INFO task_dao.py:get_sending_msg:370: get_sending_msg size:0
2015-12-22 10:50:26,792, INFO push_maze.py:push_maze:83: __list is empty
2015-12-22 10:50:36,804, INFO task_dao.py:get_sending_msg:370: get_sending_msg size:0
2015-12-22 10:50:36,905, INFO push_maze.py:push_maze:83: __list is empty
2015-12-22 10:50:46,916, INFO task_dao.py:get_sending_msg:370: get_sending_msg size:0
2015-12-22 10:50:47,016, INFO push_maze.py:push_maze:83: __list is empty
2015-12-22 10:50:57,028, INFO task_dao.py:get_sending_msg:370: get_sending_msg size:0
2015-12-22 10:50:57,128, INFO push_maze.py:push_maze:83: __list is empty
2015-12-22 10:51:07,139, INFO task_dao.py:get_sending_msg:370: get_sending_msg size:0
2015-12-22 10:51:07,240, INFO push_maze.py:push_maze:83: __list is empty
2015-12-22 10:51:17,252, INFO task_dao.py:get_sending_msg:370: get_sending_msg size:0
2015-12-22 10:51:17,352, INFO push_maze.py:push_maze:83: __list is empty
2015-12-22 10:51:27,363, INFO task_dao.py:get_sending_msg:370: get_sending_msg size:0
2015-12-22 10:51:27,464, INFO push_maze.py:push_maze:83: __list is empty
2015-12-22 10:51:37,469, INFO task_dao.py:get_sending_msg:370: get_sending_msg size:0
2015-12-22 10:51:37,569, INFO push_maze.py:push_maze:83: __list is empty
2015-12-22 10:51:47,585, INFO task_dao.py:get_sending_msg:370: get_sending_msg size:0
2015-12-22 10:51:47,686, INFO push_maze.py:push_maze:83: __list is empty
2015-12-22 10:51:57,697, INFO task_dao.py:get_sending_msg:370: get_sending_msg size:0
2015-12-22 10:51:57,798, INFO push_maze.py:push_maze:83: __list is empty
2015-12-22 10:52:07,810, INFO task_dao.py:get_sending_msg:370: get_sending_msg size:0
2015-12-22 10:52:07,910, INFO push_maze.py:push_maze:83: __list is empty
2015-12-22 10:52:17,921, INFO task_dao.py:get_sending_msg:370: get_sending_msg size:0
2015-12-22 10:52:18,022, INFO push_maze.py:push_maze:83: __list is empty
2015-12-22 10:52:28,031, INFO task_dao.py:get_sending_msg:370: get_sending_msg size:0
2015-12-22 10:52:28,132, INFO push_maze.py:push_maze:83: __list is empty
2015-12-22 10:52:38,143, INFO task_dao.py:get_sending_msg:370: get_sending_msg size:0
2015-12-22 10:52:38,244, INFO push_maze.py:push_maze:83: __list is empty
2015-12-22 10:52:48,254, INFO task_dao.py:get_sending_msg:370: get_sending_msg size:0
2015-12-22 10:52:48,355, INFO push_maze.py:push_maze:83: __list is empty
2015-12-22 10:52:58,365, INFO task_dao.py:get_sending_msg:370: get_sending_msg size:0
2015-12-22 10:52:58,465, INFO push_maze.py:push_maze:83: __list is empty
2015-12-22 10:53:08,476, INFO task_dao.py:get_sending_msg:370: get_sending_msg size:0
2015-12-22 10:53:08,576, INFO push_maze.py:push_maze:83: __list is empty
2015-12-22 10:53:18,585, INFO task_dao.py:get_sending_msg:370: get_sending_msg size:0
2015-12-22 10:53:18,686, INFO push_maze.py:push_maze:83: __list is empty
2015-12-22 10:53:28,697, INFO task_dao.py:get_sending_msg:370: get_sending_msg size:0
2015-12-22 10:53:28,798, INFO push_maze.py:push_maze:83: __list is empty
2015-12-22 10:53:38,809, INFO task_dao.py:get_sending_msg:370: get_sending_msg size:0
2015-12-22 10:53:38,909, INFO push_maze.py:push_maze:83: __list is empty
2015-12-22 10:53:48,920, INFO task_dao.py:get_sending_msg:370: get_sending_msg size:0
2015-12-22 10:53:49,020, INFO push_maze.py:push_maze:83: __list is empty
2015-12-22 10:53:59,031, INFO task_dao.py:get_sending_msg:370: get_sending_msg size:0
2015-12-22 10:53:59,131, INFO push_maze.py:push_maze:83: __list is empty
2015-12-22 10:54:09,143, INFO task_dao.py:get_sending_msg:370: get_sending_msg size:0
2015-12-22 10:54:09,244, INFO push_maze.py:push_maze:83: __list is empty
2015-12-22 10:54:19,255, INFO task_dao.py:get_sending_msg:370: get_sending_msg size:0
2015-12-22 10:54:19,356, INFO push_maze.py:push_maze:83: __list is empty
2015-12-22 10:54:29,367, INFO task_dao.py:get_sending_msg:370: get_sending_msg size:0
2015-12-22 10:54:29,468, INFO push_maze.py:push_maze:83: __list is empty
2015-12-22 10:54:39,489, INFO task_dao.py:get_sending_msg:370: get_sending_msg size:0
2015-12-22 10:54:39,589, INFO push_maze.py:push_maze:83: __list is empty
2015-12-22 10:54:49,601, INFO task_dao.py:get_sending_msg:370: get_sending_msg size:0
2015-12-22 10:54:49,702, INFO push_maze.py:push_maze:83: __list is empty
2015-12-22 10:54:59,710, INFO task_dao.py:get_sending_msg:370: get_sending_msg size:0
2015-12-22 10:54:59,811, INFO push_maze.py:push_maze:83: __list is empty
2015-12-22 10:55:09,821, INFO task_dao.py:get_sending_msg:370: get_sending_msg size:0
2015-12-22 10:55:09,922, INFO push_maze.py:push_maze:83: __list is empty
2015-12-22 10:55:19,933, INFO task_dao.py:get_sending_msg:370: get_sending_msg size:0
2015-12-22 10:55:20,034, INFO push_maze.py:push_maze:83: __list is empty
2015-12-22 10:55:30,043, INFO task_dao.py:get_sending_msg:370: get_sending_msg size:0
2015-12-22 10:55:30,144, INFO push_maze.py:push_maze:83: __list is empty
2015-12-22 10:55:40,156, INFO task_dao.py:get_sending_msg:370: get_sending_msg size:0
2015-12-22 10:55:40,256, INFO push_maze.py:push_maze:83: __list is empty
2015-12-22 10:55:50,266, INFO task_dao.py:get_sending_msg:370: get_sending_msg size:0
2015-12-22 10:55:50,367, INFO push_maze.py:push_maze:83: __list is empty
2015-12-22 10:56:00,378, INFO task_dao.py:get_sending_msg:370: get_sending_msg size:0
2015-12-22 10:56:00,478, INFO push_maze.py:push_maze:83: __list is empty
2015-12-22 10:56:10,490, INFO task_dao.py:get_sending_msg:370: get_sending_msg size:0
2015-12-22 10:56:10,591, INFO push_maze.py:push_maze:83: __list is empty
2015-12-22 10:56:20,603, INFO task_dao.py:get_sending_msg:370: get_sending_msg size:0
2015-12-22 10:56:20,704, INFO push_maze.py:push_maze:83: __list is empty
2015-12-22 10:56:30,713, INFO task_dao.py:get_sending_msg:370: get_sending_msg size:0
2015-12-22 10:56:30,813, INFO push_maze.py:push_maze:83: __list is empty
2015-12-22 10:56:40,824, INFO task_dao.py:get_sending_msg:370: get_sending_msg size:0
2015-12-22 10:56:40,925, INFO push_maze.py:push_maze:83: __list is empty
2015-12-22 10:56:50,935, INFO task_dao.py:get_sending_msg:370: get_sending_msg size:0
2015-12-22 10:56:51,037, INFO push_maze.py:push_maze:83: __list is empty
2015-12-22 10:57:01,048, INFO task_dao.py:get_sending_msg:370: get_sending_msg size:0
2015-12-22 10:57:01,148, INFO push_maze.py:push_maze:83: __list is empty
2015-12-22 10:57:11,160, INFO task_dao.py:get_sending_msg:370: get_sending_msg size:0
2015-12-22 10:57:11,261, INFO push_maze.py:push_maze:83: __list is empty
2015-12-22 10:57:21,271, INFO task_dao.py:get_sending_msg:370: get_sending_msg size:0
2015-12-22 10:57:21,372, INFO push_maze.py:push_maze:83: __list is empty
2015-12-22 10:57:31,381, INFO task_dao.py:get_sending_msg:370: get_sending_msg size:0
2015-12-22 10:57:31,481, INFO push_maze.py:push_maze:83: __list is empty
2015-12-22 10:57:41,486, INFO task_dao.py:get_sending_msg:370: get_sending_msg size:0
2015-12-22 10:57:41,586, INFO push_maze.py:push_maze:83: __list is empty
2015-12-22 10:57:51,597, INFO task_dao.py:get_sending_msg:370: get_sending_msg size:0
2015-12-22 10:57:51,697, INFO push_maze.py:push_maze:83: __list is empty
2015-12-22 10:58:01,703, INFO task_dao.py:get_sending_msg:370: get_sending_msg size:0
2015-12-22 10:58:01,804, INFO push_maze.py:push_maze:83: __list is empty
2015-12-22 10:58:11,816, INFO task_dao.py:get_sending_msg:370: get_sending_msg size:0
2015-12-22 10:58:11,916, INFO push_maze.py:push_maze:83: __list is empty
2015-12-22 10:58:21,928, INFO task_dao.py:get_sending_msg:370: get_sending_msg size:0
2015-12-22 10:58:22,029, INFO push_maze.py:push_maze:83: __list is empty
2015-12-22 10:58:32,040, INFO task_dao.py:get_sending_msg:370: get_sending_msg size:0
2015-12-22 10:58:32,140, INFO push_maze.py:push_maze:83: __list is empty
2015-12-22 10:58:42,149, INFO task_dao.py:get_sending_msg:370: get_sending_msg size:0
2015-12-22 10:58:42,250, INFO push_maze.py:push_maze:83: __list is empty
2015-12-22 10:58:52,262, INFO task_dao.py:get_sending_msg:370: get_sending_msg size:0
2015-12-22 10:58:52,362, INFO push_maze.py:push_maze:83: __list is empty
2015-12-22 10:59:02,377, INFO task_dao.py:get_sending_msg:370: get_sending_msg size:0
2015-12-22 10:59:02,478, INFO push_maze.py:push_maze:83: __list is empty
2015-12-22 10:59:12,485, INFO task_dao.py:get_sending_msg:370: get_sending_msg size:0
2015-12-22 10:59:12,585, INFO push_maze.py:push_maze:83: __list is empty
2015-12-22 10:59:22,589, INFO task_dao.py:get_sending_msg:370: get_sending_msg size:0
2015-12-22 10:59:22,689, INFO push_maze.py:push_maze:83: __list is empty
2015-12-22 10:59:32,705, INFO task_dao.py:get_sending_msg:370: get_sending_msg size:0
2015-12-22 10:59:32,805, INFO push_maze.py:push_maze:83: __list is empty
2015-12-22 10:59:42,816, INFO task_dao.py:get_sending_msg:370: get_sending_msg size:0
2015-12-22 10:59:42,917, INFO push_maze.py:push_maze:83: __list is empty
2015-12-22 10:59:52,928, INFO task_dao.py:get_sending_msg:370: get_sending_msg size:0
2015-12-22 10:59:53,028, INFO push_maze.py:push_maze:83: __list is empty
2015-12-22 11:00:03,036, INFO task_dao.py:get_sending_msg:370: get_sending_msg size:0
2015-12-22 11:00:03,136, INFO push_maze.py:push_maze:83: __list is empty
2015-12-22 11:00:13,150, INFO task_dao.py:get_sending_msg:370: get_sending_msg size:0
2015-12-22 11:00:13,251, INFO push_maze.py:push_maze:83: __list is empty
2015-12-22 11:00:23,263, INFO task_dao.py:get_sending_msg:370: get_sending_msg size:0
2015-12-22 11:00:23,363, INFO push_maze.py:push_maze:83: __list is empty
2015-12-22 11:00:33,374, INFO task_dao.py:get_sending_msg:370: get_sending_msg size:0
2015-12-22 11:00:33,474, INFO push_maze.py:push_maze:83: __list is empty
2015-12-22 11:00:43,484, INFO task_dao.py:get_sending_msg:370: get_sending_msg size:0
2015-12-22 11:00:43,585, INFO push_maze.py:push_maze:83: __list is empty
2015-12-22 11:00:53,596, INFO task_dao.py:get_sending_msg:370: get_sending_msg size:0
2015-12-22 11:00:53,696, INFO push_maze.py:push_maze:83: __list is empty
2015-12-22 11:01:03,708, INFO task_dao.py:get_sending_msg:370: get_sending_msg size:0
2015-12-22 11:01:03,809, INFO push_maze.py:push_maze:83: __list is empty
2015-12-22 11:01:13,824, INFO task_dao.py:get_sending_msg:370: get_sending_msg size:0
2015-12-22 11:01:13,925, INFO push_maze.py:push_maze:83: __list is empty
2015-12-22 11:01:23,940, INFO task_dao.py:get_sending_msg:370: get_sending_msg size:0
2015-12-22 11:01:24,041, INFO push_maze.py:push_maze:83: __list is empty
2015-12-22 11:01:34,051, INFO task_dao.py:get_sending_msg:370: get_sending_msg size:0
2015-12-22 11:01:34,151, INFO push_maze.py:push_maze:83: __list is empty
2015-12-22 11:01:44,161, INFO task_dao.py:get_sending_msg:370: get_sending_msg size:0
2015-12-22 11:01:44,261, INFO push_maze.py:push_maze:83: __list is empty
2015-12-22 11:01:54,271, INFO task_dao.py:get_sending_msg:370: get_sending_msg size:0
2015-12-22 11:01:54,372, INFO push_maze.py:push_maze:83: __list is empty
2015-12-22 11:02:04,382, INFO task_dao.py:get_sending_msg:370: get_sending_msg size:0
2015-12-22 11:02:04,482, INFO push_maze.py:push_maze:83: __list is empty
2015-12-22 11:02:14,493, INFO task_dao.py:get_sending_msg:370: get_sending_msg size:0
2015-12-22 11:02:14,594, INFO push_maze.py:push_maze:83: __list is empty
2015-12-22 11:02:24,605, INFO task_dao.py:get_sending_msg:370: get_sending_msg size:0
2015-12-22 11:02:24,706, INFO push_maze.py:push_maze:83: __list is empty
2015-12-22 11:02:34,718, INFO task_dao.py:get_sending_msg:370: get_sending_msg size:0
2015-12-22 11:02:34,818, INFO push_maze.py:push_maze:83: __list is empty
2015-12-22 11:02:44,830, INFO task_dao.py:get_sending_msg:370: get_sending_msg size:0
2015-12-22 11:02:44,930, INFO push_maze.py:push_maze:83: __list is empty
2015-12-22 11:02:54,940, INFO task_dao.py:get_sending_msg:370: get_sending_msg size:0
2015-12-22 11:02:55,041, INFO push_maze.py:push_maze:83: __list is empty
2015-12-22 11:03:05,053, INFO task_dao.py:get_sending_msg:370: get_sending_msg size:0
2015-12-22 11:03:05,153, INFO push_maze.py:push_maze:83: __list is empty
2015-12-22 11:03:15,165, INFO task_dao.py:get_sending_msg:370: get_sending_msg size:0
2015-12-22 11:03:15,265, INFO push_maze.py:push_maze:83: __list is empty
2015-12-22 11:03:25,286, INFO task_dao.py:get_sending_msg:370: get_sending_msg size:0
2015-12-22 11:03:25,387, INFO push_maze.py:push_maze:83: __list is empty
2015-12-22 11:03:35,403, INFO task_dao.py:get_sending_msg:370: get_sending_msg size:0
2015-12-22 11:03:35,503, INFO push_maze.py:push_maze:83: __list is empty
2015-12-22 11:03:45,517, INFO task_dao.py:get_sending_msg:370: get_sending_msg size:0
2015-12-22 11:03:45,618, INFO push_maze.py:push_maze:83: __list is empty
2015-12-22 11:03:55,629, INFO task_dao.py:get_sending_msg:370: get_sending_msg size:0
2015-12-22 11:03:55,730, INFO push_maze.py:push_maze:83: __list is empty
2015-12-22 11:04:05,741, INFO task_dao.py:get_sending_msg:370: get_sending_msg size:0
2015-12-22 11:04:05,842, INFO push_maze.py:push_maze:83: __list is empty
2015-12-22 11:04:15,853, INFO task_dao.py:get_sending_msg:370: get_sending_msg size:0
2015-12-22 11:04:15,954, INFO push_maze.py:push_maze:83: __list is empty
2015-12-22 11:04:25,964, INFO task_dao.py:get_sending_msg:370: get_sending_msg size:0
2015-12-22 11:04:26,065, INFO push_maze.py:push_maze:83: __list is empty
2015-12-22 11:04:36,075, INFO task_dao.py:get_sending_msg:370: get_sending_msg size:0
2015-12-22 11:04:36,175, INFO push_maze.py:push_maze:83: __list is empty
2015-12-22 11:04:46,183, INFO task_dao.py:get_sending_msg:370: get_sending_msg size:0
2015-12-22 11:04:46,284, INFO push_maze.py:push_maze:83: __list is empty
2015-12-22 11:04:56,295, INFO task_dao.py:get_sending_msg:370: get_sending_msg size:0
2015-12-22 11:04:56,396, INFO push_maze.py:push_maze:83: __list is empty
2015-12-22 11:05:06,408, INFO task_dao.py:get_sending_msg:370: get_sending_msg size:0
2015-12-22 11:05:06,509, INFO push_maze.py:push_maze:83: __list is empty
2015-12-22 11:05:16,520, INFO task_dao.py:get_sending_msg:370: get_sending_msg size:0
2015-12-22 11:05:16,621, INFO push_maze.py:push_maze:83: __list is empty
2015-12-22 11:05:26,632, INFO task_dao.py:get_sending_msg:370: get_sending_msg size:0
2015-12-22 11:05:26,733, INFO push_maze.py:push_maze:83: __list is empty
2015-12-22 11:05:36,744, INFO task_dao.py:get_sending_msg:370: get_sending_msg size:0
2015-12-22 11:05:36,844, INFO push_maze.py:push_maze:83: __list is empty
2015-12-22 14:13:39,320, ERROR db_connect.py:db_fetchall:113: db exception: 'NoneType' object has no attribute 'cursor'
2015-12-22 14:13:39,321, ERROR db_connect.py:reconnect:54: ++reconnect db
2015-12-22 14:28:40,886, ERROR db_connect.py:db_fetchall:113: db exception: 'NoneType' object has no attribute 'cursor'
2015-12-22 14:28:40,887, ERROR db_connect.py:reconnect:54: ++reconnect db
2015-12-22 14:33:01,757, ERROR db_connect.py:db_fetchall:113: db exception: 'NoneType' object has no attribute 'cursor'
2015-12-22 14:33:01,758, ERROR db_connect.py:reconnect:54: ++reconnect db
